[14:53:11] [Thread-5/INFO]: [STDOUT]: SERVER enter state: DORMANT
[14:53:11] [EnvServerSocketHandler/INFO]: Received Mission token e5362aea-7eb8-470f-ac7c-fc1733feed17:0:0:1:true
[14:53:11] [EnvServerSocketHandler/INFO]: Received mission init command  <MissionInit xmlns="http://ProjectMalmo.microsoft.com" xmlns:xsi="http://www.w3.org/2001/XMLSchema-instance" SchemaVersion="" PlatformVersion="0.37.0"><Mission><About><Summary>MineRLBasaltMakeWaterfall-v0</Summary></About><ModSettings><MsPerTick>50</MsPerTick></ModSettings><ServerSection><ServerInitialConditions><Time><AllowPassageOfTime>false</AllowPassageOfTime></Time><AllowSpawning>true</AllowSpawning></ServerInitialConditions><ServerHandlers><DefaultWorldGenerator forceReset="true" generatorOptions="{}"/><ServerQuitFromTimeUp timeLimitMs="300000" description="out_of_time"/><ServerQuitWhenAnyAgentFinishes/></ServerHandlers></ServerSection><AgentSection mode="Survival"><Name>MineRLAgent0</Name><AgentStart><LowLevelInputs>true</LowLevelInputs><GuiScale>1.0</GuiScale><GammaSetting>2.0</GammaSetting><FOVSetting>70.0</FOVSetting><FakeCursorSize>16</FakeCursorSize><Inventory><InventoryObject slot="0" type="water_bucket" quantity="1"/><InventoryObject slot="1" type="cobblestone" quantity="20"/><InventoryObject slot="2" type="stone_shovel" quantity="1"/><InventoryObject slot="3" type="stone_pickaxe" quantity="1"/></Inventory><PreferredSpawnBiome>extreme_hills</PreferredSpawnBiome><DoneOnDeath>true</DoneOnDeath></AgentStart><AgentHandlers><FileBasedPerformanceProducer/><PauseCommand/><VideoProducer want_depth="false"><Width>640</Width><Height>360</Height></VideoProducer><HumanLevelCommands/><CameraCommands/></AgentHandlers></AgentSection></Mission><ExperimentUID>e5362aea-7eb8-470f-ac7c-fc1733feed17</ExperimentUID><ClientRole>0</ClientRole><ClientAgentConnection><ClientIPAddress>127.0.0.1</ClientIPAddress><ClientMissionControlPort>0</ClientMissionControlPort><ClientCommandsPort>0</ClientCommandsPort><AgentIPAddress>127.0.0.1</AgentIPAddress><AgentMissionControlPort>0</AgentMissionControlPort><AgentVideoPort>0</AgentVideoPort><AgentDepthPort>0</AgentDepthPort><AgentLuminancePort>0</AgentLuminancePort><AgentObservationsPort>0</AgentObservationsPort><AgentRewardsPort>0</AgentRewardsPort><AgentColourMapPort>0</AgentColourMapPort></ClientAgentConnection></MissionInit>
[14:53:12] [Render thread/INFO]: [STDOUT]: *** creating fake mouse cursor ***
[14:53:13] [EnvServerSocketHandler/INFO]: [STDOUT]: Setting width, height to 640, 360
[14:53:13] [EnvServerSocketHandler/INFO]: [STDOUT]: Gamma: 2.0
[14:53:13] [EnvServerSocketHandler/INFO]: [STDOUT]: FOV: 70.0
[14:53:13] [EnvServerSocketHandler/INFO]: [STDOUT]: GuiScale: 1.0
[14:53:13] [Render thread/INFO]: [STDOUT]: Seed not provided, generating random one: -8022409185742628175
[14:53:15] [Render thread/WARN]: Ambiguity between arguments [teleport, destination] and [teleport, targets] with inputs: [Player, 0123, @e, dd12be42-52a9-4a91-a8a1-11c01849e498]
[14:53:15] [Render thread/WARN]: Ambiguity between arguments [teleport, location] and [teleport, destination] with inputs: [0.1 -0.5 .9, 0 0 0]
[14:53:15] [Render thread/WARN]: Ambiguity between arguments [teleport, location] and [teleport, targets] with inputs: [0.1 -0.5 .9, 0 0 0]
[14:53:15] [Render thread/WARN]: Ambiguity between arguments [teleport, targets] and [teleport, destination] with inputs: [Player, 0123, dd12be42-52a9-4a91-a8a1-11c01849e498]
[14:53:15] [Render thread/WARN]: Ambiguity between arguments [teleport, targets, location] and [teleport, targets, destination] with inputs: [0.1 -0.5 .9, 0 0 0]
[14:53:15] [Render thread/INFO]: Reloading ResourceManager: Default
[14:53:16] [Render thread/INFO]: Loaded 7 recipes
[14:53:16] [Render thread/INFO]: Loaded 927 advancements
[14:53:19] [Render thread/INFO]: Environment: authHost='https://authserver.mojang.com', accountsHost='https://api.mojang.com', sessionHost='https://sessionserver.mojang.com', servicesHost='https://api.minecraftservices.com', name='PROD'
[14:53:19] [Render thread/INFO]: Starting integrated minecraft server version 1.16.5
[14:53:19] [Render thread/INFO]: Generating keypair
[14:53:27] [Render thread/INFO]: Preparing start region for dimension minecraft:overworld
[14:53:40] [Render thread/INFO]: Changing view distance to 11, from 10
[14:53:41] [Render thread/INFO]: MineRLAgent0[local:E:5894e3b8] logged in with entity id 354 at (994.5, 77.0, 874.5)
[14:53:41] [Render thread/INFO]: MineRLAgent0 joined the game
[14:53:41] [Render thread/INFO]: Preparing spawn area: 15%
[14:53:41] [Render thread/INFO]: Time elapsed: 3 ms
[14:53:41] [Render thread/INFO]: [STDOUT]: Starting new video null
[14:53:41] [Render thread/INFO]: Saving and pausing game...
[14:53:41] [Render thread/INFO]: Saving chunks for level 'ServerLevel[mcpworld264e9158b943]'/minecraft:overworld
[14:53:42] [Render thread/INFO]: Saving chunks for level 'ServerLevel[mcpworld264e9158b943]'/minecraft:the_nether
[14:53:42] [Render thread/INFO]: Saving chunks for level 'ServerLevel[mcpworld264e9158b943]'/minecraft:the_end
[14:53:43] [Render thread/INFO]: MineRLAgent0 has made the advancement [Stone Age]
[14:53:43] [Render thread/INFO]: MineRLAgent0 has made the advancement [Getting an Upgrade]
[14:53:43] [Render thread/INFO]: [CHAT] MineRLAgent0 has made the advancement [Stone Age]
[14:53:43] [Render thread/INFO]: [CHAT] MineRLAgent0 has made the advancement [Getting an Upgrade]
[14:53:43] [Render thread/INFO]: Loaded 24 advancements
[14:53:46] [EnvServerSocketHandler/INFO]: [STDOUT]: *** Stopping the replay, returning control to the inputs
[14:53:46] [EnvServerSocketHandler/INFO]: Received Mission token 76809d5c-58f9-47be-b3b5-2fe3a56ccdf3:0:0:1:true
[14:53:46] [EnvServerSocketHandler/INFO]: Received mission init command  <MissionInit xmlns="http://ProjectMalmo.microsoft.com" xmlns:xsi="http://www.w3.org/2001/XMLSchema-instance" SchemaVersion="" PlatformVersion="0.37.0"><Mission><About><Summary>MineRLBasaltMakeWaterfall-v0</Summary></About><ModSettings><MsPerTick>50</MsPerTick></ModSettings><ServerSection><ServerInitialConditions><Time><AllowPassageOfTime>false</AllowPassageOfTime></Time><AllowSpawning>true</AllowSpawning></ServerInitialConditions><ServerHandlers><DefaultWorldGenerator forceReset="true" generatorOptions="{}"/><ServerQuitFromTimeUp timeLimitMs="300000" description="out_of_time"/><ServerQuitWhenAnyAgentFinishes/></ServerHandlers></ServerSection><AgentSection mode="Survival"><Name>MineRLAgent0</Name><AgentStart><LowLevelInputs>true</LowLevelInputs><GuiScale>1.0</GuiScale><GammaSetting>2.0</GammaSetting><FOVSetting>70.0</FOVSetting><FakeCursorSize>16</FakeCursorSize><Inventory><InventoryObject slot="0" type="water_bucket" quantity="1"/><InventoryObject slot="1" type="cobblestone" quantity="20"/><InventoryObject slot="2" type="stone_shovel" quantity="1"/><InventoryObject slot="3" type="stone_pickaxe" quantity="1"/></Inventory><PreferredSpawnBiome>extreme_hills</PreferredSpawnBiome><DoneOnDeath>true</DoneOnDeath></AgentStart><AgentHandlers><FileBasedPerformanceProducer/><PauseCommand/><VideoProducer want_depth="false"><Width>640</Width><Height>360</Height></VideoProducer><HumanLevelCommands/><CameraCommands/></AgentHandlers></AgentSection></Mission><ExperimentUID>76809d5c-58f9-47be-b3b5-2fe3a56ccdf3</ExperimentUID><ClientRole>0</ClientRole><ClientAgentConnection><ClientIPAddress>127.0.0.1</ClientIPAddress><ClientMissionControlPort>0</ClientMissionControlPort><ClientCommandsPort>0</ClientCommandsPort><AgentIPAddress>127.0.0.1</AgentIPAddress><AgentMissionControlPort>0</AgentMissionControlPort><AgentVideoPort>0</AgentVideoPort><AgentDepthPort>0</AgentDepthPort><AgentLuminancePort>0</AgentLuminancePort><AgentObservationsPort>0</AgentObservationsPort><AgentRewardsPort>0</AgentRewardsPort><AgentColourMapPort>0</AgentColourMapPort></ClientAgentConnection></MissionInit>
[14:53:47] [EnvServerSocketHandler/INFO]: [STDOUT]: Setting width, height to 640, 360
[14:53:47] [EnvServerSocketHandler/INFO]: [STDOUT]: Gamma: 2.0
[14:53:47] [EnvServerSocketHandler/INFO]: [STDOUT]: FOV: 70.0
[14:53:47] [EnvServerSocketHandler/INFO]: [STDOUT]: GuiScale: 1.0
[14:53:47] [Render thread/INFO]: [STDOUT]: Seed not provided, generating random one: -6208923533655165934
[14:53:47] [Render thread/WARN]: Ambiguity between arguments [teleport, destination] and [teleport, targets] with inputs: [Player, 0123, @e, dd12be42-52a9-4a91-a8a1-11c01849e498]
[14:53:47] [Render thread/WARN]: Ambiguity between arguments [teleport, location] and [teleport, destination] with inputs: [0.1 -0.5 .9, 0 0 0]
[14:53:47] [Render thread/WARN]: Ambiguity between arguments [teleport, location] and [teleport, targets] with inputs: [0.1 -0.5 .9, 0 0 0]
[14:53:47] [Render thread/WARN]: Ambiguity between arguments [teleport, targets] and [teleport, destination] with inputs: [Player, 0123, dd12be42-52a9-4a91-a8a1-11c01849e498]
[14:53:47] [Render thread/WARN]: Ambiguity between arguments [teleport, targets, location] and [teleport, targets, destination] with inputs: [0.1 -0.5 .9, 0 0 0]
[14:53:47] [Render thread/INFO]: Reloading ResourceManager: Default
[14:53:47] [Render thread/INFO]: Loaded 7 recipes
[14:53:47] [Render thread/INFO]: Loaded 927 advancements
[14:53:48] [Render thread/INFO]: Environment: authHost='https://authserver.mojang.com', accountsHost='https://api.mojang.com', sessionHost='https://sessionserver.mojang.com', servicesHost='https://api.minecraftservices.com', name='PROD'
[14:53:48] [Render thread/INFO]: Starting integrated minecraft server version 1.16.5
[14:53:48] [Render thread/INFO]: Generating keypair
[14:53:52] [Render thread/INFO]: Preparing start region for dimension minecraft:overworld
[14:54:05] [Render thread/INFO]: Changing view distance to 11, from 10
[14:54:05] [Render thread/INFO]: MineRLAgent0[local:E:a12cfefa] logged in with entity id 903 at (514.5, 87.0, -821.5)
[14:54:05] [Render thread/INFO]: MineRLAgent0 joined the game
[14:54:05] [Render thread/INFO]: Preparing spawn area: 19%
[14:54:05] [Render thread/INFO]: Time elapsed: 2 ms
[14:54:05] [Render thread/INFO]: [STDOUT]: Starting new video null
[14:54:05] [Render thread/INFO]: Saving and pausing game...
[14:54:05] [Render thread/INFO]: Saving chunks for level 'ServerLevel[mcpworld15165f2145ef]'/minecraft:overworld
[14:54:06] [Render thread/INFO]: Saving chunks for level 'ServerLevel[mcpworld15165f2145ef]'/minecraft:the_nether
[14:54:06] [Render thread/INFO]: Saving chunks for level 'ServerLevel[mcpworld15165f2145ef]'/minecraft:the_end
[14:54:06] [Render thread/INFO]: MineRLAgent0 has made the advancement [Stone Age]
[14:54:06] [Render thread/INFO]: MineRLAgent0 has made the advancement [Getting an Upgrade]
[14:54:06] [Render thread/INFO]: [CHAT] MineRLAgent0 has made the advancement [Stone Age]
[14:54:06] [Render thread/INFO]: [CHAT] MineRLAgent0 has made the advancement [Getting an Upgrade]
[14:54:06] [Render thread/INFO]: Loaded 24 advancements
[14:54:08] [EnvServerSocketHandler/INFO]: [STDOUT]: *** Stopping the replay, returning control to the inputs
[14:54:08] [EnvServerSocketHandler/INFO]: Received Mission token 1561beb6-e90f-4400-8581-f6c8dda6294a:0:0:1:true
[14:54:08] [EnvServerSocketHandler/INFO]: Received mission init command  <MissionInit xmlns="http://ProjectMalmo.microsoft.com" xmlns:xsi="http://www.w3.org/2001/XMLSchema-instance" SchemaVersion="" PlatformVersion="0.37.0"><Mission><About><Summary>MineRLBasaltMakeWaterfall-v0</Summary></About><ModSettings><MsPerTick>50</MsPerTick></ModSettings><ServerSection><ServerInitialConditions><Time><AllowPassageOfTime>false</AllowPassageOfTime></Time><AllowSpawning>true</AllowSpawning></ServerInitialConditions><ServerHandlers><DefaultWorldGenerator forceReset="true" generatorOptions="{}"/><ServerQuitFromTimeUp timeLimitMs="300000" description="out_of_time"/><ServerQuitWhenAnyAgentFinishes/></ServerHandlers></ServerSection><AgentSection mode="Survival"><Name>MineRLAgent0</Name><AgentStart><LowLevelInputs>true</LowLevelInputs><GuiScale>1.0</GuiScale><GammaSetting>2.0</GammaSetting><FOVSetting>70.0</FOVSetting><FakeCursorSize>16</FakeCursorSize><Inventory><InventoryObject slot="0" type="water_bucket" quantity="1"/><InventoryObject slot="1" type="cobblestone" quantity="20"/><InventoryObject slot="2" type="stone_shovel" quantity="1"/><InventoryObject slot="3" type="stone_pickaxe" quantity="1"/></Inventory><PreferredSpawnBiome>extreme_hills</PreferredSpawnBiome><DoneOnDeath>true</DoneOnDeath></AgentStart><AgentHandlers><FileBasedPerformanceProducer/><PauseCommand/><VideoProducer want_depth="false"><Width>640</Width><Height>360</Height></VideoProducer><HumanLevelCommands/><CameraCommands/></AgentHandlers></AgentSection></Mission><ExperimentUID>1561beb6-e90f-4400-8581-f6c8dda6294a</ExperimentUID><ClientRole>0</ClientRole><ClientAgentConnection><ClientIPAddress>127.0.0.1</ClientIPAddress><ClientMissionControlPort>0</ClientMissionControlPort><ClientCommandsPort>0</ClientCommandsPort><AgentIPAddress>127.0.0.1</AgentIPAddress><AgentMissionControlPort>0</AgentMissionControlPort><AgentVideoPort>0</AgentVideoPort><AgentDepthPort>0</AgentDepthPort><AgentLuminancePort>0</AgentLuminancePort><AgentObservationsPort>0</AgentObservationsPort><AgentRewardsPort>0</AgentRewardsPort><AgentColourMapPort>0</AgentColourMapPort></ClientAgentConnection></MissionInit>
[14:54:09] [EnvServerSocketHandler/INFO]: [STDOUT]: Setting width, height to 640, 360
[14:54:09] [EnvServerSocketHandler/INFO]: [STDOUT]: Gamma: 2.0
[14:54:09] [EnvServerSocketHandler/INFO]: [STDOUT]: FOV: 70.0
[14:54:09] [EnvServerSocketHandler/INFO]: [STDOUT]: GuiScale: 1.0
[14:54:09] [Render thread/INFO]: [STDOUT]: Seed not provided, generating random one: -6030768595995771198
[14:54:09] [Render thread/WARN]: Ambiguity between arguments [teleport, destination] and [teleport, targets] with inputs: [Player, 0123, @e, dd12be42-52a9-4a91-a8a1-11c01849e498]
[14:54:09] [Render thread/WARN]: Ambiguity between arguments [teleport, location] and [teleport, destination] with inputs: [0.1 -0.5 .9, 0 0 0]
[14:54:09] [Render thread/WARN]: Ambiguity between arguments [teleport, location] and [teleport, targets] with inputs: [0.1 -0.5 .9, 0 0 0]
[14:54:09] [Render thread/WARN]: Ambiguity between arguments [teleport, targets] and [teleport, destination] with inputs: [Player, 0123, dd12be42-52a9-4a91-a8a1-11c01849e498]
[14:54:09] [Render thread/WARN]: Ambiguity between arguments [teleport, targets, location] and [teleport, targets, destination] with inputs: [0.1 -0.5 .9, 0 0 0]
[14:54:09] [Render thread/INFO]: Reloading ResourceManager: Default
[14:54:09] [Render thread/INFO]: Loaded 7 recipes
[14:54:09] [Render thread/INFO]: Loaded 927 advancements
[14:54:10] [Render thread/INFO]: Environment: authHost='https://authserver.mojang.com', accountsHost='https://api.mojang.com', sessionHost='https://sessionserver.mojang.com', servicesHost='https://api.minecraftservices.com', name='PROD'
[14:54:10] [Render thread/INFO]: Starting integrated minecraft server version 1.16.5
[14:54:10] [Render thread/INFO]: Generating keypair
[14:54:13] [Render thread/INFO]: Preparing start region for dimension minecraft:overworld
[14:54:26] [Render thread/INFO]: Changing view distance to 11, from 10
[14:54:26] [Render thread/INFO]: MineRLAgent0[local:E:3360588e] logged in with entity id 1227 at (-685.5, 75.0, -37.5)
[14:54:26] [Render thread/INFO]: MineRLAgent0 joined the game
[14:54:26] [Render thread/INFO]: Preparing spawn area: 18%
[14:54:26] [Render thread/INFO]: Time elapsed: 2 ms
[14:54:26] [Render thread/INFO]: [STDOUT]: Starting new video null
[14:54:26] [Render thread/INFO]: Saving and pausing game...
[14:54:26] [Render thread/INFO]: Saving chunks for level 'ServerLevel[mcpworldaaf2ea80d011]'/minecraft:overworld
[14:54:27] [Render thread/INFO]: Saving chunks for level 'ServerLevel[mcpworldaaf2ea80d011]'/minecraft:the_nether
[14:54:27] [Render thread/INFO]: Saving chunks for level 'ServerLevel[mcpworldaaf2ea80d011]'/minecraft:the_end
[14:54:27] [Render thread/INFO]: MineRLAgent0 has made the advancement [Stone Age]
[14:54:27] [Render thread/INFO]: MineRLAgent0 has made the advancement [Getting an Upgrade]
[14:54:27] [Render thread/INFO]: [CHAT] MineRLAgent0 has made the advancement [Stone Age]
[14:54:27] [Render thread/INFO]: [CHAT] MineRLAgent0 has made the advancement [Getting an Upgrade]
[14:54:27] [Render thread/INFO]: Loaded 24 advancements
[14:54:29] [EnvServerSocketHandler/INFO]: [STDOUT]: *** Stopping the replay, returning control to the inputs
[14:54:29] [EnvServerSocketHandler/INFO]: Received Mission token 230b2e0e-c3c0-4c49-8028-a93cbfa4f15a:0:0:1:true
[14:54:29] [EnvServerSocketHandler/INFO]: Received mission init command  <MissionInit xmlns="http://ProjectMalmo.microsoft.com" xmlns:xsi="http://www.w3.org/2001/XMLSchema-instance" SchemaVersion="" PlatformVersion="0.37.0"><Mission><About><Summary>MineRLBasaltMakeWaterfall-v0</Summary></About><ModSettings><MsPerTick>50</MsPerTick></ModSettings><ServerSection><ServerInitialConditions><Time><AllowPassageOfTime>false</AllowPassageOfTime></Time><AllowSpawning>true</AllowSpawning></ServerInitialConditions><ServerHandlers><DefaultWorldGenerator forceReset="true" generatorOptions="{}"/><ServerQuitFromTimeUp timeLimitMs="300000" description="out_of_time"/><ServerQuitWhenAnyAgentFinishes/></ServerHandlers></ServerSection><AgentSection mode="Survival"><Name>MineRLAgent0</Name><AgentStart><LowLevelInputs>true</LowLevelInputs><GuiScale>1.0</GuiScale><GammaSetting>2.0</GammaSetting><FOVSetting>70.0</FOVSetting><FakeCursorSize>16</FakeCursorSize><Inventory><InventoryObject slot="0" type="water_bucket" quantity="1"/><InventoryObject slot="1" type="cobblestone" quantity="20"/><InventoryObject slot="2" type="stone_shovel" quantity="1"/><InventoryObject slot="3" type="stone_pickaxe" quantity="1"/></Inventory><PreferredSpawnBiome>extreme_hills</PreferredSpawnBiome><DoneOnDeath>true</DoneOnDeath></AgentStart><AgentHandlers><FileBasedPerformanceProducer/><PauseCommand/><VideoProducer want_depth="false"><Width>640</Width><Height>360</Height></VideoProducer><HumanLevelCommands/><CameraCommands/></AgentHandlers></AgentSection></Mission><ExperimentUID>230b2e0e-c3c0-4c49-8028-a93cbfa4f15a</ExperimentUID><ClientRole>0</ClientRole><ClientAgentConnection><ClientIPAddress>127.0.0.1</ClientIPAddress><ClientMissionControlPort>0</ClientMissionControlPort><ClientCommandsPort>0</ClientCommandsPort><AgentIPAddress>127.0.0.1</AgentIPAddress><AgentMissionControlPort>0</AgentMissionControlPort><AgentVideoPort>0</AgentVideoPort><AgentDepthPort>0</AgentDepthPort><AgentLuminancePort>0</AgentLuminancePort><AgentObservationsPort>0</AgentObservationsPort><AgentRewardsPort>0</AgentRewardsPort><AgentColourMapPort>0</AgentColourMapPort></ClientAgentConnection></MissionInit>
[14:54:29] [EnvServerSocketHandler/INFO]: [STDOUT]: Setting width, height to 640, 360
[14:54:29] [EnvServerSocketHandler/INFO]: [STDOUT]: Gamma: 2.0
[14:54:29] [EnvServerSocketHandler/INFO]: [STDOUT]: FOV: 70.0
[14:54:29] [EnvServerSocketHandler/INFO]: [STDOUT]: GuiScale: 1.0
[14:54:29] [Render thread/INFO]: [STDOUT]: Seed not provided, generating random one: -1048814144365017958
[14:54:29] [Render thread/WARN]: Ambiguity between arguments [teleport, destination] and [teleport, targets] with inputs: [Player, 0123, @e, dd12be42-52a9-4a91-a8a1-11c01849e498]
[14:54:29] [Render thread/WARN]: Ambiguity between arguments [teleport, location] and [teleport, destination] with inputs: [0.1 -0.5 .9, 0 0 0]
[14:54:29] [Render thread/WARN]: Ambiguity between arguments [teleport, location] and [teleport, targets] with inputs: [0.1 -0.5 .9, 0 0 0]
[14:54:29] [Render thread/WARN]: Ambiguity between arguments [teleport, targets] and [teleport, destination] with inputs: [Player, 0123, dd12be42-52a9-4a91-a8a1-11c01849e498]
[14:54:29] [Render thread/WARN]: Ambiguity between arguments [teleport, targets, location] and [teleport, targets, destination] with inputs: [0.1 -0.5 .9, 0 0 0]
[14:54:29] [Render thread/INFO]: Reloading ResourceManager: Default
[14:54:30] [Render thread/INFO]: Loaded 7 recipes
[14:54:30] [Render thread/INFO]: Loaded 927 advancements
[14:54:30] [Render thread/INFO]: Environment: authHost='https://authserver.mojang.com', accountsHost='https://api.mojang.com', sessionHost='https://sessionserver.mojang.com', servicesHost='https://api.minecraftservices.com', name='PROD'
[14:54:30] [Render thread/INFO]: Starting integrated minecraft server version 1.16.5
[14:54:30] [Render thread/INFO]: Generating keypair
[14:54:33] [Render thread/INFO]: Preparing start region for dimension minecraft:overworld
[14:54:46] [Render thread/INFO]: Changing view distance to 11, from 10
[14:54:46] [Render thread/INFO]: MineRLAgent0[local:E:e78a770f] logged in with entity id 1659 at (127.5, 79.0, -885.5)
[14:54:46] [Render thread/INFO]: MineRLAgent0 joined the game
[14:54:46] [Render thread/INFO]: Preparing spawn area: 15%
[14:54:46] [Render thread/INFO]: Time elapsed: 2 ms
[14:54:46] [Render thread/INFO]: [STDOUT]: Starting new video null
[14:54:46] [Render thread/INFO]: Saving and pausing game...
[14:54:46] [Render thread/INFO]: Saving chunks for level 'ServerLevel[mcpworld15dd62416c03]'/minecraft:overworld
[14:54:47] [Render thread/INFO]: Saving chunks for level 'ServerLevel[mcpworld15dd62416c03]'/minecraft:the_nether
[14:54:47] [Render thread/INFO]: Saving chunks for level 'ServerLevel[mcpworld15dd62416c03]'/minecraft:the_end
[14:54:47] [Render thread/INFO]: MineRLAgent0 has made the advancement [Stone Age]
[14:54:47] [Render thread/INFO]: MineRLAgent0 has made the advancement [Getting an Upgrade]
[14:54:47] [Render thread/INFO]: [CHAT] MineRLAgent0 has made the advancement [Stone Age]
[14:54:47] [Render thread/INFO]: [CHAT] MineRLAgent0 has made the advancement [Getting an Upgrade]
[14:54:47] [Render thread/INFO]: Loaded 24 advancements
[14:54:48] [EnvServerSocketHandler/INFO]: [STDOUT]: *** Stopping the replay, returning control to the inputs
[14:54:48] [EnvServerSocketHandler/INFO]: Received Mission token a1ae3499-bcbd-4736-b63e-dfc92f5f4698:0:0:1:true
[14:54:48] [EnvServerSocketHandler/INFO]: Received mission init command  <MissionInit xmlns="http://ProjectMalmo.microsoft.com" xmlns:xsi="http://www.w3.org/2001/XMLSchema-instance" SchemaVersion="" PlatformVersion="0.37.0"><Mission><About><Summary>MineRLBasaltMakeWaterfall-v0</Summary></About><ModSettings><MsPerTick>50</MsPerTick></ModSettings><ServerSection><ServerInitialConditions><Time><AllowPassageOfTime>false</AllowPassageOfTime></Time><AllowSpawning>true</AllowSpawning></ServerInitialConditions><ServerHandlers><DefaultWorldGenerator forceReset="true" generatorOptions="{}"/><ServerQuitFromTimeUp timeLimitMs="300000" description="out_of_time"/><ServerQuitWhenAnyAgentFinishes/></ServerHandlers></ServerSection><AgentSection mode="Survival"><Name>MineRLAgent0</Name><AgentStart><LowLevelInputs>true</LowLevelInputs><GuiScale>1.0</GuiScale><GammaSetting>2.0</GammaSetting><FOVSetting>70.0</FOVSetting><FakeCursorSize>16</FakeCursorSize><Inventory><InventoryObject slot="0" type="water_bucket" quantity="1"/><InventoryObject slot="1" type="cobblestone" quantity="20"/><InventoryObject slot="2" type="stone_shovel" quantity="1"/><InventoryObject slot="3" type="stone_pickaxe" quantity="1"/></Inventory><PreferredSpawnBiome>extreme_hills</PreferredSpawnBiome><DoneOnDeath>true</DoneOnDeath></AgentStart><AgentHandlers><FileBasedPerformanceProducer/><PauseCommand/><VideoProducer want_depth="false"><Width>640</Width><Height>360</Height></VideoProducer><HumanLevelCommands/><CameraCommands/></AgentHandlers></AgentSection></Mission><ExperimentUID>a1ae3499-bcbd-4736-b63e-dfc92f5f4698</ExperimentUID><ClientRole>0</ClientRole><ClientAgentConnection><ClientIPAddress>127.0.0.1</ClientIPAddress><ClientMissionControlPort>0</ClientMissionControlPort><ClientCommandsPort>0</ClientCommandsPort><AgentIPAddress>127.0.0.1</AgentIPAddress><AgentMissionControlPort>0</AgentMissionControlPort><AgentVideoPort>0</AgentVideoPort><AgentDepthPort>0</AgentDepthPort><AgentLuminancePort>0</AgentLuminancePort><AgentObservationsPort>0</AgentObservationsPort><AgentRewardsPort>0</AgentRewardsPort><AgentColourMapPort>0</AgentColourMapPort></ClientAgentConnection></MissionInit>
[14:54:49] [EnvServerSocketHandler/INFO]: [STDOUT]: Setting width, height to 640, 360
[14:54:49] [EnvServerSocketHandler/INFO]: [STDOUT]: Gamma: 2.0
[14:54:49] [EnvServerSocketHandler/INFO]: [STDOUT]: FOV: 70.0
[14:54:49] [EnvServerSocketHandler/INFO]: [STDOUT]: GuiScale: 1.0
[14:54:49] [Render thread/INFO]: [STDOUT]: Seed not provided, generating random one: -4708458988323956177
[14:54:49] [Render thread/WARN]: Ambiguity between arguments [teleport, destination] and [teleport, targets] with inputs: [Player, 0123, @e, dd12be42-52a9-4a91-a8a1-11c01849e498]
[14:54:49] [Render thread/WARN]: Ambiguity between arguments [teleport, location] and [teleport, destination] with inputs: [0.1 -0.5 .9, 0 0 0]
[14:54:49] [Render thread/WARN]: Ambiguity between arguments [teleport, location] and [teleport, targets] with inputs: [0.1 -0.5 .9, 0 0 0]
[14:54:49] [Render thread/WARN]: Ambiguity between arguments [teleport, targets] and [teleport, destination] with inputs: [Player, 0123, dd12be42-52a9-4a91-a8a1-11c01849e498]
[14:54:49] [Render thread/WARN]: Ambiguity between arguments [teleport, targets, location] and [teleport, targets, destination] with inputs: [0.1 -0.5 .9, 0 0 0]
[14:54:49] [Render thread/INFO]: Reloading ResourceManager: Default
[14:54:49] [Render thread/INFO]: Loaded 7 recipes
[14:54:49] [Render thread/INFO]: Loaded 927 advancements
[14:54:50] [Render thread/INFO]: Environment: authHost='https://authserver.mojang.com', accountsHost='https://api.mojang.com', sessionHost='https://sessionserver.mojang.com', servicesHost='https://api.minecraftservices.com', name='PROD'
[14:54:50] [Render thread/INFO]: Starting integrated minecraft server version 1.16.5
[14:54:50] [Render thread/INFO]: Generating keypair
[14:54:54] [Render thread/INFO]: Preparing start region for dimension minecraft:overworld
[14:55:09] [Render thread/INFO]: Changing view distance to 11, from 10
[14:55:09] [Render thread/INFO]: MineRLAgent0[local:E:b1ac9f4d] logged in with entity id 1960 at (754.5, 77.0, -37.5)
[14:55:09] [Render thread/INFO]: MineRLAgent0 joined the game
[14:55:09] [Render thread/INFO]: Preparing spawn area: 21%
[14:55:09] [Render thread/INFO]: Time elapsed: 1 ms
[14:55:09] [Render thread/INFO]: [STDOUT]: Starting new video null
[14:55:09] [Render thread/INFO]: Saving and pausing game...
[14:55:09] [Render thread/INFO]: Saving chunks for level 'ServerLevel[mcpworld9d1f37c5b7b8]'/minecraft:overworld
[14:55:10] [Render thread/INFO]: Saving chunks for level 'ServerLevel[mcpworld9d1f37c5b7b8]'/minecraft:the_nether
[14:55:10] [Render thread/INFO]: Saving chunks for level 'ServerLevel[mcpworld9d1f37c5b7b8]'/minecraft:the_end
[14:55:10] [Render thread/INFO]: MineRLAgent0 has made the advancement [Stone Age]
[14:55:10] [Render thread/INFO]: MineRLAgent0 has made the advancement [Getting an Upgrade]
[14:55:10] [Render thread/INFO]: [CHAT] MineRLAgent0 has made the advancement [Stone Age]
[14:55:10] [Render thread/INFO]: [CHAT] MineRLAgent0 has made the advancement [Getting an Upgrade]
[14:55:10] [Render thread/INFO]: Loaded 24 advancements
[14:55:11] [EnvServerSocketHandler/INFO]: [STDOUT]: *** Stopping the replay, returning control to the inputs
[14:55:11] [EnvServerSocketHandler/INFO]: Received Mission token aaeff1da-6658-4fc4-ab55-2d7cec524551:0:0:1:true
[14:55:11] [EnvServerSocketHandler/INFO]: Received mission init command  <MissionInit xmlns="http://ProjectMalmo.microsoft.com" xmlns:xsi="http://www.w3.org/2001/XMLSchema-instance" SchemaVersion="" PlatformVersion="0.37.0"><Mission><About><Summary>MineRLBasaltMakeWaterfall-v0</Summary></About><ModSettings><MsPerTick>50</MsPerTick></ModSettings><ServerSection><ServerInitialConditions><Time><AllowPassageOfTime>false</AllowPassageOfTime></Time><AllowSpawning>true</AllowSpawning></ServerInitialConditions><ServerHandlers><DefaultWorldGenerator forceReset="true" generatorOptions="{}"/><ServerQuitFromTimeUp timeLimitMs="300000" description="out_of_time"/><ServerQuitWhenAnyAgentFinishes/></ServerHandlers></ServerSection><AgentSection mode="Survival"><Name>MineRLAgent0</Name><AgentStart><LowLevelInputs>true</LowLevelInputs><GuiScale>1.0</GuiScale><GammaSetting>2.0</GammaSetting><FOVSetting>70.0</FOVSetting><FakeCursorSize>16</FakeCursorSize><Inventory><InventoryObject slot="0" type="water_bucket" quantity="1"/><InventoryObject slot="1" type="cobblestone" quantity="20"/><InventoryObject slot="2" type="stone_shovel" quantity="1"/><InventoryObject slot="3" type="stone_pickaxe" quantity="1"/></Inventory><PreferredSpawnBiome>extreme_hills</PreferredSpawnBiome><DoneOnDeath>true</DoneOnDeath></AgentStart><AgentHandlers><FileBasedPerformanceProducer/><PauseCommand/><VideoProducer want_depth="false"><Width>640</Width><Height>360</Height></VideoProducer><HumanLevelCommands/><CameraCommands/></AgentHandlers></AgentSection></Mission><ExperimentUID>aaeff1da-6658-4fc4-ab55-2d7cec524551</ExperimentUID><ClientRole>0</ClientRole><ClientAgentConnection><ClientIPAddress>127.0.0.1</ClientIPAddress><ClientMissionControlPort>0</ClientMissionControlPort><ClientCommandsPort>0</ClientCommandsPort><AgentIPAddress>127.0.0.1</AgentIPAddress><AgentMissionControlPort>0</AgentMissionControlPort><AgentVideoPort>0</AgentVideoPort><AgentDepthPort>0</AgentDepthPort><AgentLuminancePort>0</AgentLuminancePort><AgentObservationsPort>0</AgentObservationsPort><AgentRewardsPort>0</AgentRewardsPort><AgentColourMapPort>0</AgentColourMapPort></ClientAgentConnection></MissionInit>
[14:55:11] [EnvServerSocketHandler/INFO]: [STDOUT]: Setting width, height to 640, 360
[14:55:11] [EnvServerSocketHandler/INFO]: [STDOUT]: Gamma: 2.0
[14:55:11] [EnvServerSocketHandler/INFO]: [STDOUT]: FOV: 70.0
[14:55:11] [EnvServerSocketHandler/INFO]: [STDOUT]: GuiScale: 1.0
[14:55:11] [Render thread/INFO]: [STDOUT]: Seed not provided, generating random one: -7671821105180866901
[14:55:12] [Render thread/WARN]: Ambiguity between arguments [teleport, destination] and [teleport, targets] with inputs: [Player, 0123, @e, dd12be42-52a9-4a91-a8a1-11c01849e498]
[14:55:12] [Render thread/WARN]: Ambiguity between arguments [teleport, location] and [teleport, destination] with inputs: [0.1 -0.5 .9, 0 0 0]
[14:55:12] [Render thread/WARN]: Ambiguity between arguments [teleport, location] and [teleport, targets] with inputs: [0.1 -0.5 .9, 0 0 0]
[14:55:12] [Render thread/WARN]: Ambiguity between arguments [teleport, targets] and [teleport, destination] with inputs: [Player, 0123, dd12be42-52a9-4a91-a8a1-11c01849e498]
[14:55:12] [Render thread/WARN]: Ambiguity between arguments [teleport, targets, location] and [teleport, targets, destination] with inputs: [0.1 -0.5 .9, 0 0 0]
[14:55:12] [Render thread/INFO]: Reloading ResourceManager: Default
[14:55:12] [Render thread/INFO]: Loaded 7 recipes
[14:55:12] [Render thread/INFO]: Loaded 927 advancements
[14:55:13] [Render thread/INFO]: Environment: authHost='https://authserver.mojang.com', accountsHost='https://api.mojang.com', sessionHost='https://sessionserver.mojang.com', servicesHost='https://api.minecraftservices.com', name='PROD'
[14:55:13] [Render thread/INFO]: Starting integrated minecraft server version 1.16.5
[14:55:13] [Render thread/INFO]: Generating keypair
[14:55:18] [Render thread/INFO]: Preparing start region for dimension minecraft:overworld
[14:55:31] [Render thread/INFO]: Changing view distance to 11, from 10
[14:55:31] [Render thread/INFO]: MineRLAgent0[local:E:cf31c495] logged in with entity id 2539 at (-77.5, 91.0, -453.5)
[14:55:31] [Render thread/INFO]: MineRLAgent0 joined the game
[14:55:31] [Render thread/INFO]: Preparing spawn area: 24%
[14:55:31] [Render thread/INFO]: Time elapsed: 2 ms
[14:55:31] [Render thread/INFO]: [STDOUT]: Starting new video null
[14:55:31] [Render thread/INFO]: Saving and pausing game...
[14:55:31] [Render thread/INFO]: Saving chunks for level 'ServerLevel[mcpworld26503d68aa54]'/minecraft:overworld
[14:55:32] [Render thread/INFO]: Saving chunks for level 'ServerLevel[mcpworld26503d68aa54]'/minecraft:the_nether
[14:55:32] [Render thread/INFO]: Saving chunks for level 'ServerLevel[mcpworld26503d68aa54]'/minecraft:the_end
[14:55:32] [Render thread/INFO]: MineRLAgent0 has made the advancement [Stone Age]
[14:55:32] [Render thread/INFO]: MineRLAgent0 has made the advancement [Getting an Upgrade]
[14:55:32] [Render thread/INFO]: [CHAT] MineRLAgent0 has made the advancement [Stone Age]
[14:55:32] [Render thread/INFO]: [CHAT] MineRLAgent0 has made the advancement [Getting an Upgrade]
[14:55:32] [Render thread/INFO]: Loaded 24 advancements
[14:55:33] [EnvServerSocketHandler/INFO]: [STDOUT]: *** Stopping the replay, returning control to the inputs
[14:55:33] [EnvServerSocketHandler/INFO]: Received Mission token dc3cb710-0f25-439c-b27f-0d8258fba258:0:0:1:true
[14:55:33] [EnvServerSocketHandler/INFO]: Received mission init command  <MissionInit xmlns="http://ProjectMalmo.microsoft.com" xmlns:xsi="http://www.w3.org/2001/XMLSchema-instance" SchemaVersion="" PlatformVersion="0.37.0"><Mission><About><Summary>MineRLBasaltMakeWaterfall-v0</Summary></About><ModSettings><MsPerTick>50</MsPerTick></ModSettings><ServerSection><ServerInitialConditions><Time><AllowPassageOfTime>false</AllowPassageOfTime></Time><AllowSpawning>true</AllowSpawning></ServerInitialConditions><ServerHandlers><DefaultWorldGenerator forceReset="true" generatorOptions="{}"/><ServerQuitFromTimeUp timeLimitMs="300000" description="out_of_time"/><ServerQuitWhenAnyAgentFinishes/></ServerHandlers></ServerSection><AgentSection mode="Survival"><Name>MineRLAgent0</Name><AgentStart><LowLevelInputs>true</LowLevelInputs><GuiScale>1.0</GuiScale><GammaSetting>2.0</GammaSetting><FOVSetting>70.0</FOVSetting><FakeCursorSize>16</FakeCursorSize><Inventory><InventoryObject slot="0" type="water_bucket" quantity="1"/><InventoryObject slot="1" type="cobblestone" quantity="20"/><InventoryObject slot="2" type="stone_shovel" quantity="1"/><InventoryObject slot="3" type="stone_pickaxe" quantity="1"/></Inventory><PreferredSpawnBiome>extreme_hills</PreferredSpawnBiome><DoneOnDeath>true</DoneOnDeath></AgentStart><AgentHandlers><FileBasedPerformanceProducer/><PauseCommand/><VideoProducer want_depth="false"><Width>640</Width><Height>360</Height></VideoProducer><HumanLevelCommands/><CameraCommands/></AgentHandlers></AgentSection></Mission><ExperimentUID>dc3cb710-0f25-439c-b27f-0d8258fba258</ExperimentUID><ClientRole>0</ClientRole><ClientAgentConnection><ClientIPAddress>127.0.0.1</ClientIPAddress><ClientMissionControlPort>0</ClientMissionControlPort><ClientCommandsPort>0</ClientCommandsPort><AgentIPAddress>127.0.0.1</AgentIPAddress><AgentMissionControlPort>0</AgentMissionControlPort><AgentVideoPort>0</AgentVideoPort><AgentDepthPort>0</AgentDepthPort><AgentLuminancePort>0</AgentLuminancePort><AgentObservationsPort>0</AgentObservationsPort><AgentRewardsPort>0</AgentRewardsPort><AgentColourMapPort>0</AgentColourMapPort></ClientAgentConnection></MissionInit>
[14:55:34] [EnvServerSocketHandler/INFO]: [STDOUT]: Setting width, height to 640, 360
[14:55:34] [EnvServerSocketHandler/INFO]: [STDOUT]: Gamma: 2.0
[14:55:34] [EnvServerSocketHandler/INFO]: [STDOUT]: FOV: 70.0
[14:55:34] [EnvServerSocketHandler/INFO]: [STDOUT]: GuiScale: 1.0
[14:55:34] [Render thread/INFO]: [STDOUT]: Seed not provided, generating random one: 6999041013923443321
[14:55:34] [Render thread/WARN]: Ambiguity between arguments [teleport, destination] and [teleport, targets] with inputs: [Player, 0123, @e, dd12be42-52a9-4a91-a8a1-11c01849e498]
[14:55:34] [Render thread/WARN]: Ambiguity between arguments [teleport, location] and [teleport, destination] with inputs: [0.1 -0.5 .9, 0 0 0]
[14:55:34] [Render thread/WARN]: Ambiguity between arguments [teleport, location] and [teleport, targets] with inputs: [0.1 -0.5 .9, 0 0 0]
[14:55:34] [Render thread/WARN]: Ambiguity between arguments [teleport, targets] and [teleport, destination] with inputs: [Player, 0123, dd12be42-52a9-4a91-a8a1-11c01849e498]
[14:55:34] [Render thread/WARN]: Ambiguity between arguments [teleport, targets, location] and [teleport, targets, destination] with inputs: [0.1 -0.5 .9, 0 0 0]
[14:55:34] [Render thread/INFO]: Reloading ResourceManager: Default
[14:55:34] [Render thread/INFO]: Loaded 7 recipes
[14:55:34] [Render thread/INFO]: Loaded 927 advancements
[14:55:35] [Render thread/INFO]: Environment: authHost='https://authserver.mojang.com', accountsHost='https://api.mojang.com', sessionHost='https://sessionserver.mojang.com', servicesHost='https://api.minecraftservices.com', name='PROD'
[14:55:35] [Render thread/INFO]: Starting integrated minecraft server version 1.16.5
[14:55:35] [Render thread/INFO]: Generating keypair
[14:55:39] [Render thread/INFO]: Preparing start region for dimension minecraft:overworld
[14:55:50] [Render thread/INFO]: Changing view distance to 11, from 10
[14:55:50] [Render thread/INFO]: MineRLAgent0[local:E:fb0043fc] logged in with entity id 3024 at (36.5, 63.0, -340.5)
[14:55:50] [Render thread/INFO]: MineRLAgent0 joined the game
[14:55:50] [Render thread/INFO]: Preparing spawn area: 8%
[14:55:50] [Render thread/INFO]: Time elapsed: 2 ms
[14:55:50] [Render thread/INFO]: [STDOUT]: Starting new video null
[14:55:50] [Render thread/INFO]: Saving and pausing game...
[14:55:50] [Render thread/INFO]: Saving chunks for level 'ServerLevel[mcpworld12daf388cdc7]'/minecraft:overworld
[14:55:51] [Render thread/INFO]: Saving chunks for level 'ServerLevel[mcpworld12daf388cdc7]'/minecraft:the_nether
[14:55:51] [Render thread/INFO]: Saving chunks for level 'ServerLevel[mcpworld12daf388cdc7]'/minecraft:the_end
[14:55:51] [Render thread/INFO]: MineRLAgent0 has made the advancement [Stone Age]
[14:55:51] [Render thread/INFO]: MineRLAgent0 has made the advancement [Getting an Upgrade]
[14:55:51] [Render thread/INFO]: [CHAT] MineRLAgent0 has made the advancement [Stone Age]
[14:55:51] [Render thread/INFO]: [CHAT] MineRLAgent0 has made the advancement [Getting an Upgrade]
[14:55:51] [Render thread/INFO]: Loaded 24 advancements
[14:55:53] [EnvServerSocketHandler/INFO]: [STDOUT]: *** Stopping the replay, returning control to the inputs
[14:55:53] [EnvServerSocketHandler/INFO]: Received Mission token b17513c5-1731-41be-8520-8919d112abc4:0:0:1:true
[14:55:53] [EnvServerSocketHandler/INFO]: Received mission init command  <MissionInit xmlns="http://ProjectMalmo.microsoft.com" xmlns:xsi="http://www.w3.org/2001/XMLSchema-instance" SchemaVersion="" PlatformVersion="0.37.0"><Mission><About><Summary>MineRLBasaltMakeWaterfall-v0</Summary></About><ModSettings><MsPerTick>50</MsPerTick></ModSettings><ServerSection><ServerInitialConditions><Time><AllowPassageOfTime>false</AllowPassageOfTime></Time><AllowSpawning>true</AllowSpawning></ServerInitialConditions><ServerHandlers><DefaultWorldGenerator forceReset="true" generatorOptions="{}"/><ServerQuitFromTimeUp timeLimitMs="300000" description="out_of_time"/><ServerQuitWhenAnyAgentFinishes/></ServerHandlers></ServerSection><AgentSection mode="Survival"><Name>MineRLAgent0</Name><AgentStart><LowLevelInputs>true</LowLevelInputs><GuiScale>1.0</GuiScale><GammaSetting>2.0</GammaSetting><FOVSetting>70.0</FOVSetting><FakeCursorSize>16</FakeCursorSize><Inventory><InventoryObject slot="0" type="water_bucket" quantity="1"/><InventoryObject slot="1" type="cobblestone" quantity="20"/><InventoryObject slot="2" type="stone_shovel" quantity="1"/><InventoryObject slot="3" type="stone_pickaxe" quantity="1"/></Inventory><PreferredSpawnBiome>extreme_hills</PreferredSpawnBiome><DoneOnDeath>true</DoneOnDeath></AgentStart><AgentHandlers><FileBasedPerformanceProducer/><PauseCommand/><VideoProducer want_depth="false"><Width>640</Width><Height>360</Height></VideoProducer><HumanLevelCommands/><CameraCommands/></AgentHandlers></AgentSection></Mission><ExperimentUID>b17513c5-1731-41be-8520-8919d112abc4</ExperimentUID><ClientRole>0</ClientRole><ClientAgentConnection><ClientIPAddress>127.0.0.1</ClientIPAddress><ClientMissionControlPort>0</ClientMissionControlPort><ClientCommandsPort>0</ClientCommandsPort><AgentIPAddress>127.0.0.1</AgentIPAddress><AgentMissionControlPort>0</AgentMissionControlPort><AgentVideoPort>0</AgentVideoPort><AgentDepthPort>0</AgentDepthPort><AgentLuminancePort>0</AgentLuminancePort><AgentObservationsPort>0</AgentObservationsPort><AgentRewardsPort>0</AgentRewardsPort><AgentColourMapPort>0</AgentColourMapPort></ClientAgentConnection></MissionInit>
[14:55:53] [EnvServerSocketHandler/INFO]: [STDOUT]: Setting width, height to 640, 360
[14:55:53] [EnvServerSocketHandler/INFO]: [STDOUT]: Gamma: 2.0
[14:55:53] [EnvServerSocketHandler/INFO]: [STDOUT]: FOV: 70.0
[14:55:53] [EnvServerSocketHandler/INFO]: [STDOUT]: GuiScale: 1.0
[14:55:53] [Render thread/INFO]: [STDOUT]: Seed not provided, generating random one: 2937469079526207801
[14:55:53] [Render thread/WARN]: Ambiguity between arguments [teleport, destination] and [teleport, targets] with inputs: [Player, 0123, @e, dd12be42-52a9-4a91-a8a1-11c01849e498]
[14:55:53] [Render thread/WARN]: Ambiguity between arguments [teleport, location] and [teleport, destination] with inputs: [0.1 -0.5 .9, 0 0 0]
[14:55:53] [Render thread/WARN]: Ambiguity between arguments [teleport, location] and [teleport, targets] with inputs: [0.1 -0.5 .9, 0 0 0]
[14:55:53] [Render thread/WARN]: Ambiguity between arguments [teleport, targets] and [teleport, destination] with inputs: [Player, 0123, dd12be42-52a9-4a91-a8a1-11c01849e498]
[14:55:53] [Render thread/WARN]: Ambiguity between arguments [teleport, targets, location] and [teleport, targets, destination] with inputs: [0.1 -0.5 .9, 0 0 0]
[14:55:53] [Render thread/INFO]: Reloading ResourceManager: Default
[14:55:54] [Render thread/INFO]: Loaded 7 recipes
[14:55:54] [Render thread/INFO]: Loaded 927 advancements
[14:55:54] [Render thread/INFO]: Environment: authHost='https://authserver.mojang.com', accountsHost='https://api.mojang.com', sessionHost='https://sessionserver.mojang.com', servicesHost='https://api.minecraftservices.com', name='PROD'
[14:55:54] [Render thread/INFO]: Starting integrated minecraft server version 1.16.5
[14:55:54] [Render thread/INFO]: Generating keypair
[14:55:58] [Render thread/INFO]: Preparing start region for dimension minecraft:overworld
[14:56:12] [Render thread/INFO]: Changing view distance to 11, from 10
[14:56:12] [Render thread/INFO]: MineRLAgent0[local:E:df1d2ad2] logged in with entity id 3400 at (-173.5, 80.0, -1029.5)
[14:56:12] [Render thread/INFO]: MineRLAgent0 joined the game
[14:56:12] [Render thread/INFO]: Preparing spawn area: 27%
[14:56:12] [Render thread/INFO]: Time elapsed: 1 ms
[14:56:12] [Render thread/INFO]: [STDOUT]: Starting new video null
[14:56:12] [Render thread/INFO]: Saving and pausing game...
[14:56:12] [Render thread/INFO]: Saving chunks for level 'ServerLevel[mcpworld3b941cf1174f]'/minecraft:overworld
[14:56:12] [Render thread/INFO]: Saving chunks for level 'ServerLevel[mcpworld3b941cf1174f]'/minecraft:the_nether
[14:56:12] [Render thread/INFO]: Saving chunks for level 'ServerLevel[mcpworld3b941cf1174f]'/minecraft:the_end
[14:56:13] [Render thread/INFO]: MineRLAgent0 has made the advancement [Stone Age]
[14:56:13] [Render thread/INFO]: MineRLAgent0 has made the advancement [Getting an Upgrade]
[14:56:13] [Render thread/INFO]: [CHAT] MineRLAgent0 has made the advancement [Stone Age]
[14:56:13] [Render thread/INFO]: [CHAT] MineRLAgent0 has made the advancement [Getting an Upgrade]
[14:56:13] [Render thread/INFO]: Loaded 24 advancements
[14:56:15] [EnvServerSocketHandler/INFO]: [STDOUT]: *** Stopping the replay, returning control to the inputs
[14:56:15] [EnvServerSocketHandler/INFO]: Received Mission token 6e6dc505-dcc7-42db-ae37-bba9c93b5f81:0:0:1:true
[14:56:15] [EnvServerSocketHandler/INFO]: Received mission init command  <MissionInit xmlns="http://ProjectMalmo.microsoft.com" xmlns:xsi="http://www.w3.org/2001/XMLSchema-instance" SchemaVersion="" PlatformVersion="0.37.0"><Mission><About><Summary>MineRLBasaltMakeWaterfall-v0</Summary></About><ModSettings><MsPerTick>50</MsPerTick></ModSettings><ServerSection><ServerInitialConditions><Time><AllowPassageOfTime>false</AllowPassageOfTime></Time><AllowSpawning>true</AllowSpawning></ServerInitialConditions><ServerHandlers><DefaultWorldGenerator forceReset="true" generatorOptions="{}"/><ServerQuitFromTimeUp timeLimitMs="300000" description="out_of_time"/><ServerQuitWhenAnyAgentFinishes/></ServerHandlers></ServerSection><AgentSection mode="Survival"><Name>MineRLAgent0</Name><AgentStart><LowLevelInputs>true</LowLevelInputs><GuiScale>1.0</GuiScale><GammaSetting>2.0</GammaSetting><FOVSetting>70.0</FOVSetting><FakeCursorSize>16</FakeCursorSize><Inventory><InventoryObject slot="0" type="water_bucket" quantity="1"/><InventoryObject slot="1" type="cobblestone" quantity="20"/><InventoryObject slot="2" type="stone_shovel" quantity="1"/><InventoryObject slot="3" type="stone_pickaxe" quantity="1"/></Inventory><PreferredSpawnBiome>extreme_hills</PreferredSpawnBiome><DoneOnDeath>true</DoneOnDeath></AgentStart><AgentHandlers><FileBasedPerformanceProducer/><PauseCommand/><VideoProducer want_depth="false"><Width>640</Width><Height>360</Height></VideoProducer><HumanLevelCommands/><CameraCommands/></AgentHandlers></AgentSection></Mission><ExperimentUID>6e6dc505-dcc7-42db-ae37-bba9c93b5f81</ExperimentUID><ClientRole>0</ClientRole><ClientAgentConnection><ClientIPAddress>127.0.0.1</ClientIPAddress><ClientMissionControlPort>0</ClientMissionControlPort><ClientCommandsPort>0</ClientCommandsPort><AgentIPAddress>127.0.0.1</AgentIPAddress><AgentMissionControlPort>0</AgentMissionControlPort><AgentVideoPort>0</AgentVideoPort><AgentDepthPort>0</AgentDepthPort><AgentLuminancePort>0</AgentLuminancePort><AgentObservationsPort>0</AgentObservationsPort><AgentRewardsPort>0</AgentRewardsPort><AgentColourMapPort>0</AgentColourMapPort></ClientAgentConnection></MissionInit>
[14:56:16] [EnvServerSocketHandler/INFO]: [STDOUT]: Setting width, height to 640, 360
[14:56:16] [EnvServerSocketHandler/INFO]: [STDOUT]: Gamma: 2.0
[14:56:16] [EnvServerSocketHandler/INFO]: [STDOUT]: FOV: 70.0
[14:56:16] [EnvServerSocketHandler/INFO]: [STDOUT]: GuiScale: 1.0
[14:56:16] [Render thread/INFO]: [STDOUT]: Seed not provided, generating random one: 6297242122006183166
[14:56:16] [Render thread/WARN]: Ambiguity between arguments [teleport, destination] and [teleport, targets] with inputs: [Player, 0123, @e, dd12be42-52a9-4a91-a8a1-11c01849e498]
[14:56:16] [Render thread/WARN]: Ambiguity between arguments [teleport, location] and [teleport, destination] with inputs: [0.1 -0.5 .9, 0 0 0]
[14:56:16] [Render thread/WARN]: Ambiguity between arguments [teleport, location] and [teleport, targets] with inputs: [0.1 -0.5 .9, 0 0 0]
[14:56:16] [Render thread/WARN]: Ambiguity between arguments [teleport, targets] and [teleport, destination] with inputs: [Player, 0123, dd12be42-52a9-4a91-a8a1-11c01849e498]
[14:56:16] [Render thread/WARN]: Ambiguity between arguments [teleport, targets, location] and [teleport, targets, destination] with inputs: [0.1 -0.5 .9, 0 0 0]
[14:56:16] [Render thread/INFO]: Reloading ResourceManager: Default
[14:56:16] [Render thread/INFO]: Loaded 7 recipes
[14:56:16] [Render thread/INFO]: Loaded 927 advancements
[14:56:17] [Render thread/INFO]: Environment: authHost='https://authserver.mojang.com', accountsHost='https://api.mojang.com', sessionHost='https://sessionserver.mojang.com', servicesHost='https://api.minecraftservices.com', name='PROD'
[14:56:17] [Render thread/INFO]: Starting integrated minecraft server version 1.16.5
[14:56:17] [Render thread/INFO]: Generating keypair
[14:56:20] [Render thread/INFO]: Preparing start region for dimension minecraft:overworld
[14:56:32] [Render thread/INFO]: Changing view distance to 11, from 10
[14:56:32] [Render thread/INFO]: MineRLAgent0[local:E:4bc4489f] logged in with entity id 3683 at (-541.5, 77.0, 810.5)
[14:56:32] [Render thread/INFO]: MineRLAgent0 joined the game
[14:56:32] [Render thread/INFO]: Preparing spawn area: 0%
[14:56:32] [Render thread/INFO]: Time elapsed: 2 ms
[14:56:32] [Render thread/INFO]: [STDOUT]: Starting new video null
[14:56:32] [Render thread/INFO]: Saving and pausing game...
[14:56:32] [Render thread/INFO]: Saving chunks for level 'ServerLevel[mcpworldb7134b1862aa]'/minecraft:overworld
[14:56:33] [Render thread/INFO]: Saving chunks for level 'ServerLevel[mcpworldb7134b1862aa]'/minecraft:the_nether
[14:56:33] [Render thread/INFO]: Saving chunks for level 'ServerLevel[mcpworldb7134b1862aa]'/minecraft:the_end
[14:56:33] [Render thread/INFO]: MineRLAgent0 has made the advancement [Stone Age]
[14:56:33] [Render thread/INFO]: MineRLAgent0 has made the advancement [Getting an Upgrade]
[14:56:33] [Render thread/INFO]: [CHAT] MineRLAgent0 has made the advancement [Stone Age]
[14:56:33] [Render thread/INFO]: [CHAT] MineRLAgent0 has made the advancement [Getting an Upgrade]
[14:56:33] [Render thread/INFO]: Loaded 24 advancements
