[14:31:14] [Thread-5/INFO]: [STDOUT]: SERVER enter state: DORMANT
[14:31:14] [EnvServerSocketHandler/INFO]: Received Mission token 85e952c5-9cbf-409e-a9dc-71aa9c3904f2:0:0:1:true
[14:31:14] [EnvServerSocketHandler/INFO]: Received mission init command  <MissionInit xmlns="http://ProjectMalmo.microsoft.com" xmlns:xsi="http://www.w3.org/2001/XMLSchema-instance" SchemaVersion="" PlatformVersion="0.37.0"><Mission><About><Summary>MineRLBasaltMakeWaterfall-v0</Summary></About><ModSettings><MsPerTick>50</MsPerTick></ModSettings><ServerSection><ServerInitialConditions><Time><AllowPassageOfTime>false</AllowPassageOfTime></Time><AllowSpawning>true</AllowSpawning></ServerInitialConditions><ServerHandlers><DefaultWorldGenerator forceReset="true" generatorOptions="{}"/><ServerQuitFromTimeUp timeLimitMs="300000" description="out_of_time"/><ServerQuitWhenAnyAgentFinishes/></ServerHandlers></ServerSection><AgentSection mode="Survival"><Name>MineRLAgent0</Name><AgentStart><LowLevelInputs>true</LowLevelInputs><GuiScale>1.0</GuiScale><GammaSetting>2.0</GammaSetting><FOVSetting>70.0</FOVSetting><FakeCursorSize>16</FakeCursorSize><Inventory><InventoryObject slot="0" type="water_bucket" quantity="1"/><InventoryObject slot="1" type="cobblestone" quantity="20"/><InventoryObject slot="2" type="stone_shovel" quantity="1"/><InventoryObject slot="3" type="stone_pickaxe" quantity="1"/></Inventory><PreferredSpawnBiome>extreme_hills</PreferredSpawnBiome><DoneOnDeath>true</DoneOnDeath></AgentStart><AgentHandlers><FileBasedPerformanceProducer/><PauseCommand/><VideoProducer want_depth="false"><Width>640</Width><Height>360</Height></VideoProducer><HumanLevelCommands/><CameraCommands/></AgentHandlers></AgentSection></Mission><ExperimentUID>85e952c5-9cbf-409e-a9dc-71aa9c3904f2</ExperimentUID><ClientRole>0</ClientRole><ClientAgentConnection><ClientIPAddress>127.0.0.1</ClientIPAddress><ClientMissionControlPort>0</ClientMissionControlPort><ClientCommandsPort>0</ClientCommandsPort><AgentIPAddress>127.0.0.1</AgentIPAddress><AgentMissionControlPort>0</AgentMissionControlPort><AgentVideoPort>0</AgentVideoPort><AgentDepthPort>0</AgentDepthPort><AgentLuminancePort>0</AgentLuminancePort><AgentObservationsPort>0</AgentObservationsPort><AgentRewardsPort>0</AgentRewardsPort><AgentColourMapPort>0</AgentColourMapPort></ClientAgentConnection></MissionInit>
[14:31:15] [Render thread/INFO]: [STDOUT]: *** creating fake mouse cursor ***
[14:31:17] [EnvServerSocketHandler/INFO]: [STDOUT]: Setting width, height to 640, 360
[14:31:17] [EnvServerSocketHandler/INFO]: [STDOUT]: Gamma: 2.0
[14:31:17] [EnvServerSocketHandler/INFO]: [STDOUT]: FOV: 70.0
[14:31:17] [EnvServerSocketHandler/INFO]: [STDOUT]: GuiScale: 1.0
[14:31:17] [Render thread/INFO]: [STDOUT]: Seed not provided, generating random one: 1017090056679222070
[14:31:20] [Render thread/WARN]: Ambiguity between arguments [teleport, destination] and [teleport, targets] with inputs: [Player, 0123, @e, dd12be42-52a9-4a91-a8a1-11c01849e498]
[14:31:20] [Render thread/WARN]: Ambiguity between arguments [teleport, location] and [teleport, destination] with inputs: [0.1 -0.5 .9, 0 0 0]
[14:31:20] [Render thread/WARN]: Ambiguity between arguments [teleport, location] and [teleport, targets] with inputs: [0.1 -0.5 .9, 0 0 0]
[14:31:20] [Render thread/WARN]: Ambiguity between arguments [teleport, targets] and [teleport, destination] with inputs: [Player, 0123, dd12be42-52a9-4a91-a8a1-11c01849e498]
[14:31:20] [Render thread/WARN]: Ambiguity between arguments [teleport, targets, location] and [teleport, targets, destination] with inputs: [0.1 -0.5 .9, 0 0 0]
[14:31:20] [Render thread/INFO]: Reloading ResourceManager: Default
[14:31:21] [Render thread/INFO]: Loaded 7 recipes
[14:31:21] [Render thread/INFO]: Loaded 927 advancements
[14:31:25] [Render thread/INFO]: Environment: authHost='https://authserver.mojang.com', accountsHost='https://api.mojang.com', sessionHost='https://sessionserver.mojang.com', servicesHost='https://api.minecraftservices.com', name='PROD'
[14:31:25] [Render thread/INFO]: Starting integrated minecraft server version 1.16.5
[14:31:25] [Render thread/INFO]: Generating keypair
[14:31:38] [Render thread/INFO]: Preparing start region for dimension minecraft:overworld
[14:31:56] [Render thread/INFO]: Changing view distance to 11, from 10
[14:31:58] [Render thread/INFO]: MineRLAgent0[local:E:7e2b868b] logged in with entity id 179 at (1058.5, 69.0, -183.5)
[14:31:58] [Render thread/INFO]: MineRLAgent0 joined the game
[14:31:58] [Render thread/INFO]: Preparing spawn area: 1%
[14:31:58] [Render thread/INFO]: Time elapsed: 7 ms
[14:31:59] [Render thread/INFO]: [STDOUT]: Starting new video null
[14:31:59] [Render thread/INFO]: Saving and pausing game...
[14:31:59] [Render thread/INFO]: Saving chunks for level 'ServerLevel[mcpworldb943d767008b]'/minecraft:overworld
[14:32:00] [Render thread/INFO]: Saving chunks for level 'ServerLevel[mcpworldb943d767008b]'/minecraft:the_nether
[14:32:00] [Render thread/INFO]: Saving chunks for level 'ServerLevel[mcpworldb943d767008b]'/minecraft:the_end
[14:32:01] [Render thread/INFO]: MineRLAgent0 has made the advancement [Stone Age]
[14:32:01] [Render thread/INFO]: MineRLAgent0 has made the advancement [Getting an Upgrade]
[14:32:01] [Render thread/INFO]: [CHAT] MineRLAgent0 has made the advancement [Stone Age]
[14:32:01] [Render thread/INFO]: [CHAT] MineRLAgent0 has made the advancement [Getting an Upgrade]
[14:32:01] [Render thread/INFO]: Loaded 24 advancements
[14:32:05] [EnvServerSocketHandler/INFO]: [STDOUT]: *** Stopping the replay, returning control to the inputs
[14:32:05] [EnvServerSocketHandler/INFO]: Received Mission token 4bbe7098-d2b0-429e-9ab0-757342d5ecc2:0:0:1:true
[14:32:05] [EnvServerSocketHandler/INFO]: Received mission init command  <MissionInit xmlns="http://ProjectMalmo.microsoft.com" xmlns:xsi="http://www.w3.org/2001/XMLSchema-instance" SchemaVersion="" PlatformVersion="0.37.0"><Mission><About><Summary>MineRLBasaltMakeWaterfall-v0</Summary></About><ModSettings><MsPerTick>50</MsPerTick></ModSettings><ServerSection><ServerInitialConditions><Time><AllowPassageOfTime>false</AllowPassageOfTime></Time><AllowSpawning>true</AllowSpawning></ServerInitialConditions><ServerHandlers><DefaultWorldGenerator forceReset="true" generatorOptions="{}"/><ServerQuitFromTimeUp timeLimitMs="300000" description="out_of_time"/><ServerQuitWhenAnyAgentFinishes/></ServerHandlers></ServerSection><AgentSection mode="Survival"><Name>MineRLAgent0</Name><AgentStart><LowLevelInputs>true</LowLevelInputs><GuiScale>1.0</GuiScale><GammaSetting>2.0</GammaSetting><FOVSetting>70.0</FOVSetting><FakeCursorSize>16</FakeCursorSize><Inventory><InventoryObject slot="0" type="water_bucket" quantity="1"/><InventoryObject slot="1" type="cobblestone" quantity="20"/><InventoryObject slot="2" type="stone_shovel" quantity="1"/><InventoryObject slot="3" type="stone_pickaxe" quantity="1"/></Inventory><PreferredSpawnBiome>extreme_hills</PreferredSpawnBiome><DoneOnDeath>true</DoneOnDeath></AgentStart><AgentHandlers><FileBasedPerformanceProducer/><PauseCommand/><VideoProducer want_depth="false"><Width>640</Width><Height>360</Height></VideoProducer><HumanLevelCommands/><CameraCommands/></AgentHandlers></AgentSection></Mission><ExperimentUID>4bbe7098-d2b0-429e-9ab0-757342d5ecc2</ExperimentUID><ClientRole>0</ClientRole><ClientAgentConnection><ClientIPAddress>127.0.0.1</ClientIPAddress><ClientMissionControlPort>0</ClientMissionControlPort><ClientCommandsPort>0</ClientCommandsPort><AgentIPAddress>127.0.0.1</AgentIPAddress><AgentMissionControlPort>0</AgentMissionControlPort><AgentVideoPort>0</AgentVideoPort><AgentDepthPort>0</AgentDepthPort><AgentLuminancePort>0</AgentLuminancePort><AgentObservationsPort>0</AgentObservationsPort><AgentRewardsPort>0</AgentRewardsPort><AgentColourMapPort>0</AgentColourMapPort></ClientAgentConnection></MissionInit>
[14:32:06] [EnvServerSocketHandler/INFO]: [STDOUT]: Setting width, height to 640, 360
[14:32:06] [EnvServerSocketHandler/INFO]: [STDOUT]: Gamma: 2.0
[14:32:06] [EnvServerSocketHandler/INFO]: [STDOUT]: FOV: 70.0
[14:32:06] [EnvServerSocketHandler/INFO]: [STDOUT]: GuiScale: 1.0
[14:32:06] [Render thread/INFO]: [STDOUT]: Seed not provided, generating random one: -740692794051199435
[14:32:06] [Render thread/WARN]: Ambiguity between arguments [teleport, destination] and [teleport, targets] with inputs: [Player, 0123, @e, dd12be42-52a9-4a91-a8a1-11c01849e498]
[14:32:06] [Render thread/WARN]: Ambiguity between arguments [teleport, location] and [teleport, destination] with inputs: [0.1 -0.5 .9, 0 0 0]
[14:32:06] [Render thread/WARN]: Ambiguity between arguments [teleport, location] and [teleport, targets] with inputs: [0.1 -0.5 .9, 0 0 0]
[14:32:06] [Render thread/WARN]: Ambiguity between arguments [teleport, targets] and [teleport, destination] with inputs: [Player, 0123, dd12be42-52a9-4a91-a8a1-11c01849e498]
[14:32:06] [Render thread/WARN]: Ambiguity between arguments [teleport, targets, location] and [teleport, targets, destination] with inputs: [0.1 -0.5 .9, 0 0 0]
[14:32:06] [Render thread/INFO]: Reloading ResourceManager: Default
[14:32:07] [Render thread/INFO]: Loaded 7 recipes
[14:32:07] [Render thread/INFO]: Loaded 927 advancements
[14:32:08] [Render thread/INFO]: Environment: authHost='https://authserver.mojang.com', accountsHost='https://api.mojang.com', sessionHost='https://sessionserver.mojang.com', servicesHost='https://api.minecraftservices.com', name='PROD'
[14:32:08] [Render thread/INFO]: Starting integrated minecraft server version 1.16.5
[14:32:08] [Render thread/INFO]: Generating keypair
[14:32:13] [Render thread/INFO]: Preparing start region for dimension minecraft:overworld
[14:32:35] [Render thread/INFO]: Changing view distance to 11, from 10
[14:32:35] [Render thread/INFO]: MineRLAgent0[local:E:17cb5796] logged in with entity id 710 at (466.5, 76.0, -85.5)
[14:32:35] [Render thread/INFO]: MineRLAgent0 joined the game
[14:32:35] [Render thread/INFO]: Preparing spawn area: 3%
[14:32:35] [Render thread/INFO]: Time elapsed: 4 ms
[14:32:35] [Render thread/INFO]: [STDOUT]: Starting new video null
[14:32:35] [Render thread/INFO]: Saving and pausing game...
[14:32:35] [Render thread/INFO]: Saving chunks for level 'ServerLevel[mcpworld11e5a2714937]'/minecraft:overworld
[14:32:37] [Render thread/INFO]: Saving chunks for level 'ServerLevel[mcpworld11e5a2714937]'/minecraft:the_nether
[14:32:37] [Render thread/INFO]: Saving chunks for level 'ServerLevel[mcpworld11e5a2714937]'/minecraft:the_end
[14:32:37] [Render thread/INFO]: MineRLAgent0 has made the advancement [Stone Age]
[14:32:37] [Render thread/INFO]: MineRLAgent0 has made the advancement [Getting an Upgrade]
[14:32:37] [Render thread/INFO]: [CHAT] MineRLAgent0 has made the advancement [Stone Age]
[14:32:37] [Render thread/INFO]: [CHAT] MineRLAgent0 has made the advancement [Getting an Upgrade]
[14:32:37] [Render thread/INFO]: Loaded 24 advancements
[14:32:39] [EnvServerSocketHandler/INFO]: [STDOUT]: *** Stopping the replay, returning control to the inputs
[14:32:39] [EnvServerSocketHandler/INFO]: Received Mission token 8895e4da-6351-4289-b350-721b53c2a0d7:0:0:1:true
[14:32:39] [EnvServerSocketHandler/INFO]: Received mission init command  <MissionInit xmlns="http://ProjectMalmo.microsoft.com" xmlns:xsi="http://www.w3.org/2001/XMLSchema-instance" SchemaVersion="" PlatformVersion="0.37.0"><Mission><About><Summary>MineRLBasaltMakeWaterfall-v0</Summary></About><ModSettings><MsPerTick>50</MsPerTick></ModSettings><ServerSection><ServerInitialConditions><Time><AllowPassageOfTime>false</AllowPassageOfTime></Time><AllowSpawning>true</AllowSpawning></ServerInitialConditions><ServerHandlers><DefaultWorldGenerator forceReset="true" generatorOptions="{}"/><ServerQuitFromTimeUp timeLimitMs="300000" description="out_of_time"/><ServerQuitWhenAnyAgentFinishes/></ServerHandlers></ServerSection><AgentSection mode="Survival"><Name>MineRLAgent0</Name><AgentStart><LowLevelInputs>true</LowLevelInputs><GuiScale>1.0</GuiScale><GammaSetting>2.0</GammaSetting><FOVSetting>70.0</FOVSetting><FakeCursorSize>16</FakeCursorSize><Inventory><InventoryObject slot="0" type="water_bucket" quantity="1"/><InventoryObject slot="1" type="cobblestone" quantity="20"/><InventoryObject slot="2" type="stone_shovel" quantity="1"/><InventoryObject slot="3" type="stone_pickaxe" quantity="1"/></Inventory><PreferredSpawnBiome>extreme_hills</PreferredSpawnBiome><DoneOnDeath>true</DoneOnDeath></AgentStart><AgentHandlers><FileBasedPerformanceProducer/><PauseCommand/><VideoProducer want_depth="false"><Width>640</Width><Height>360</Height></VideoProducer><HumanLevelCommands/><CameraCommands/></AgentHandlers></AgentSection></Mission><ExperimentUID>8895e4da-6351-4289-b350-721b53c2a0d7</ExperimentUID><ClientRole>0</ClientRole><ClientAgentConnection><ClientIPAddress>127.0.0.1</ClientIPAddress><ClientMissionControlPort>0</ClientMissionControlPort><ClientCommandsPort>0</ClientCommandsPort><AgentIPAddress>127.0.0.1</AgentIPAddress><AgentMissionControlPort>0</AgentMissionControlPort><AgentVideoPort>0</AgentVideoPort><AgentDepthPort>0</AgentDepthPort><AgentLuminancePort>0</AgentLuminancePort><AgentObservationsPort>0</AgentObservationsPort><AgentRewardsPort>0</AgentRewardsPort><AgentColourMapPort>0</AgentColourMapPort></ClientAgentConnection></MissionInit>
[14:32:40] [EnvServerSocketHandler/INFO]: [STDOUT]: Setting width, height to 640, 360
[14:32:40] [EnvServerSocketHandler/INFO]: [STDOUT]: Gamma: 2.0
[14:32:40] [EnvServerSocketHandler/INFO]: [STDOUT]: FOV: 70.0
[14:32:40] [EnvServerSocketHandler/INFO]: [STDOUT]: GuiScale: 1.0
[14:32:40] [Render thread/INFO]: [STDOUT]: Seed not provided, generating random one: 7712273489041379582
[14:32:40] [Render thread/WARN]: Ambiguity between arguments [teleport, destination] and [teleport, targets] with inputs: [Player, 0123, @e, dd12be42-52a9-4a91-a8a1-11c01849e498]
[14:32:40] [Render thread/WARN]: Ambiguity between arguments [teleport, location] and [teleport, destination] with inputs: [0.1 -0.5 .9, 0 0 0]
[14:32:40] [Render thread/WARN]: Ambiguity between arguments [teleport, location] and [teleport, targets] with inputs: [0.1 -0.5 .9, 0 0 0]
[14:32:40] [Render thread/WARN]: Ambiguity between arguments [teleport, targets] and [teleport, destination] with inputs: [Player, 0123, dd12be42-52a9-4a91-a8a1-11c01849e498]
[14:32:40] [Render thread/WARN]: Ambiguity between arguments [teleport, targets, location] and [teleport, targets, destination] with inputs: [0.1 -0.5 .9, 0 0 0]
[14:32:40] [Render thread/INFO]: Reloading ResourceManager: Default
[14:32:41] [Render thread/INFO]: Loaded 7 recipes
[14:32:41] [Render thread/INFO]: Loaded 927 advancements
[14:32:41] [Render thread/INFO]: Environment: authHost='https://authserver.mojang.com', accountsHost='https://api.mojang.com', sessionHost='https://sessionserver.mojang.com', servicesHost='https://api.minecraftservices.com', name='PROD'
[14:32:41] [Render thread/INFO]: Starting integrated minecraft server version 1.16.5
[14:32:41] [Render thread/INFO]: Generating keypair
[14:32:47] [Render thread/INFO]: Preparing start region for dimension minecraft:overworld
[14:33:09] [Render thread/INFO]: Changing view distance to 11, from 10
[14:33:09] [Render thread/INFO]: MineRLAgent0[local:E:5820770c] logged in with entity id 1134 at (-461.5, 80.0, 954.5)
[14:33:09] [Render thread/INFO]: MineRLAgent0 joined the game
[14:33:09] [Render thread/INFO]: Preparing spawn area: 0%
[14:33:09] [Render thread/INFO]: Time elapsed: 4 ms
[14:33:09] [Render thread/INFO]: [STDOUT]: Starting new video null
[14:33:09] [Render thread/INFO]: Saving and pausing game...
[14:33:09] [Render thread/INFO]: Saving chunks for level 'ServerLevel[mcpworld4b0664fe7496]'/minecraft:overworld
[14:33:10] [Render thread/INFO]: Saving chunks for level 'ServerLevel[mcpworld4b0664fe7496]'/minecraft:the_nether
[14:33:10] [Render thread/INFO]: Saving chunks for level 'ServerLevel[mcpworld4b0664fe7496]'/minecraft:the_end
[14:33:11] [Render thread/INFO]: MineRLAgent0 has made the advancement [Stone Age]
[14:33:11] [Render thread/INFO]: MineRLAgent0 has made the advancement [Getting an Upgrade]
[14:33:11] [Render thread/INFO]: [CHAT] MineRLAgent0 has made the advancement [Stone Age]
[14:33:11] [Render thread/INFO]: [CHAT] MineRLAgent0 has made the advancement [Getting an Upgrade]
[14:33:11] [Render thread/INFO]: Loaded 24 advancements
[14:33:12] [EnvServerSocketHandler/INFO]: [STDOUT]: *** Stopping the replay, returning control to the inputs
[14:33:12] [EnvServerSocketHandler/INFO]: Received Mission token 5b6438b6-6669-4397-9085-f56676d5ed90:0:0:1:true
[14:33:12] [EnvServerSocketHandler/INFO]: Received mission init command  <MissionInit xmlns="http://ProjectMalmo.microsoft.com" xmlns:xsi="http://www.w3.org/2001/XMLSchema-instance" SchemaVersion="" PlatformVersion="0.37.0"><Mission><About><Summary>MineRLBasaltMakeWaterfall-v0</Summary></About><ModSettings><MsPerTick>50</MsPerTick></ModSettings><ServerSection><ServerInitialConditions><Time><AllowPassageOfTime>false</AllowPassageOfTime></Time><AllowSpawning>true</AllowSpawning></ServerInitialConditions><ServerHandlers><DefaultWorldGenerator forceReset="true" generatorOptions="{}"/><ServerQuitFromTimeUp timeLimitMs="300000" description="out_of_time"/><ServerQuitWhenAnyAgentFinishes/></ServerHandlers></ServerSection><AgentSection mode="Survival"><Name>MineRLAgent0</Name><AgentStart><LowLevelInputs>true</LowLevelInputs><GuiScale>1.0</GuiScale><GammaSetting>2.0</GammaSetting><FOVSetting>70.0</FOVSetting><FakeCursorSize>16</FakeCursorSize><Inventory><InventoryObject slot="0" type="water_bucket" quantity="1"/><InventoryObject slot="1" type="cobblestone" quantity="20"/><InventoryObject slot="2" type="stone_shovel" quantity="1"/><InventoryObject slot="3" type="stone_pickaxe" quantity="1"/></Inventory><PreferredSpawnBiome>extreme_hills</PreferredSpawnBiome><DoneOnDeath>true</DoneOnDeath></AgentStart><AgentHandlers><FileBasedPerformanceProducer/><PauseCommand/><VideoProducer want_depth="false"><Width>640</Width><Height>360</Height></VideoProducer><HumanLevelCommands/><CameraCommands/></AgentHandlers></AgentSection></Mission><ExperimentUID>5b6438b6-6669-4397-9085-f56676d5ed90</ExperimentUID><ClientRole>0</ClientRole><ClientAgentConnection><ClientIPAddress>127.0.0.1</ClientIPAddress><ClientMissionControlPort>0</ClientMissionControlPort><ClientCommandsPort>0</ClientCommandsPort><AgentIPAddress>127.0.0.1</AgentIPAddress><AgentMissionControlPort>0</AgentMissionControlPort><AgentVideoPort>0</AgentVideoPort><AgentDepthPort>0</AgentDepthPort><AgentLuminancePort>0</AgentLuminancePort><AgentObservationsPort>0</AgentObservationsPort><AgentRewardsPort>0</AgentRewardsPort><AgentColourMapPort>0</AgentColourMapPort></ClientAgentConnection></MissionInit>
[14:33:13] [EnvServerSocketHandler/INFO]: [STDOUT]: Setting width, height to 640, 360
[14:33:13] [EnvServerSocketHandler/INFO]: [STDOUT]: Gamma: 2.0
[14:33:13] [EnvServerSocketHandler/INFO]: [STDOUT]: FOV: 70.0
[14:33:13] [EnvServerSocketHandler/INFO]: [STDOUT]: GuiScale: 1.0
[14:33:13] [Render thread/INFO]: [STDOUT]: Seed not provided, generating random one: 3536946546496846560
[14:33:13] [Render thread/WARN]: Ambiguity between arguments [teleport, destination] and [teleport, targets] with inputs: [Player, 0123, @e, dd12be42-52a9-4a91-a8a1-11c01849e498]
[14:33:13] [Render thread/WARN]: Ambiguity between arguments [teleport, location] and [teleport, destination] with inputs: [0.1 -0.5 .9, 0 0 0]
[14:33:13] [Render thread/WARN]: Ambiguity between arguments [teleport, location] and [teleport, targets] with inputs: [0.1 -0.5 .9, 0 0 0]
[14:33:13] [Render thread/WARN]: Ambiguity between arguments [teleport, targets] and [teleport, destination] with inputs: [Player, 0123, dd12be42-52a9-4a91-a8a1-11c01849e498]
[14:33:13] [Render thread/WARN]: Ambiguity between arguments [teleport, targets, location] and [teleport, targets, destination] with inputs: [0.1 -0.5 .9, 0 0 0]
[14:33:13] [Render thread/INFO]: Reloading ResourceManager: Default
[14:33:14] [Render thread/INFO]: Loaded 7 recipes
[14:33:14] [Render thread/INFO]: Loaded 927 advancements
[14:33:15] [Render thread/INFO]: Environment: authHost='https://authserver.mojang.com', accountsHost='https://api.mojang.com', sessionHost='https://sessionserver.mojang.com', servicesHost='https://api.minecraftservices.com', name='PROD'
[14:33:15] [Render thread/INFO]: Starting integrated minecraft server version 1.16.5
[14:33:15] [Render thread/INFO]: Generating keypair
[14:33:19] [Render thread/INFO]: Preparing start region for dimension minecraft:overworld
[14:33:39] [Render thread/INFO]: Changing view distance to 11, from 10
[14:33:39] [Render thread/INFO]: MineRLAgent0[local:E:de5fd8bb] logged in with entity id 1544 at (-637.5, 81.0, 826.5)
[14:33:39] [Render thread/INFO]: MineRLAgent0 joined the game
[14:33:39] [Render thread/INFO]: Preparing spawn area: 10%
[14:33:39] [Render thread/INFO]: Time elapsed: 3 ms
[14:33:39] [Render thread/INFO]: [STDOUT]: Starting new video null
[14:33:39] [Render thread/INFO]: Saving and pausing game...
[14:33:39] [Render thread/INFO]: Saving chunks for level 'ServerLevel[mcpworld8e515a732622]'/minecraft:overworld
[14:33:40] [Render thread/INFO]: Saving chunks for level 'ServerLevel[mcpworld8e515a732622]'/minecraft:the_nether
[14:33:40] [Render thread/INFO]: Saving chunks for level 'ServerLevel[mcpworld8e515a732622]'/minecraft:the_end
[14:33:41] [Render thread/INFO]: MineRLAgent0 has made the advancement [Stone Age]
[14:33:41] [Render thread/INFO]: MineRLAgent0 has made the advancement [Getting an Upgrade]
[14:33:41] [Render thread/INFO]: [CHAT] MineRLAgent0 has made the advancement [Stone Age]
[14:33:41] [Render thread/INFO]: [CHAT] MineRLAgent0 has made the advancement [Getting an Upgrade]
[14:33:41] [Render thread/INFO]: Loaded 24 advancements
[14:33:45] [EnvServerSocketHandler/INFO]: [STDOUT]: *** Stopping the replay, returning control to the inputs
[14:33:45] [EnvServerSocketHandler/INFO]: Received Mission token 99f6c5cc-7e27-4494-a79b-9cc242729bc0:0:0:1:true
[14:33:45] [EnvServerSocketHandler/INFO]: Received mission init command  <MissionInit xmlns="http://ProjectMalmo.microsoft.com" xmlns:xsi="http://www.w3.org/2001/XMLSchema-instance" SchemaVersion="" PlatformVersion="0.37.0"><Mission><About><Summary>MineRLBasaltMakeWaterfall-v0</Summary></About><ModSettings><MsPerTick>50</MsPerTick></ModSettings><ServerSection><ServerInitialConditions><Time><AllowPassageOfTime>false</AllowPassageOfTime></Time><AllowSpawning>true</AllowSpawning></ServerInitialConditions><ServerHandlers><DefaultWorldGenerator forceReset="true" generatorOptions="{}"/><ServerQuitFromTimeUp timeLimitMs="300000" description="out_of_time"/><ServerQuitWhenAnyAgentFinishes/></ServerHandlers></ServerSection><AgentSection mode="Survival"><Name>MineRLAgent0</Name><AgentStart><LowLevelInputs>true</LowLevelInputs><GuiScale>1.0</GuiScale><GammaSetting>2.0</GammaSetting><FOVSetting>70.0</FOVSetting><FakeCursorSize>16</FakeCursorSize><Inventory><InventoryObject slot="0" type="water_bucket" quantity="1"/><InventoryObject slot="1" type="cobblestone" quantity="20"/><InventoryObject slot="2" type="stone_shovel" quantity="1"/><InventoryObject slot="3" type="stone_pickaxe" quantity="1"/></Inventory><PreferredSpawnBiome>extreme_hills</PreferredSpawnBiome><DoneOnDeath>true</DoneOnDeath></AgentStart><AgentHandlers><FileBasedPerformanceProducer/><PauseCommand/><VideoProducer want_depth="false"><Width>640</Width><Height>360</Height></VideoProducer><HumanLevelCommands/><CameraCommands/></AgentHandlers></AgentSection></Mission><ExperimentUID>99f6c5cc-7e27-4494-a79b-9cc242729bc0</ExperimentUID><ClientRole>0</ClientRole><ClientAgentConnection><ClientIPAddress>127.0.0.1</ClientIPAddress><ClientMissionControlPort>0</ClientMissionControlPort><ClientCommandsPort>0</ClientCommandsPort><AgentIPAddress>127.0.0.1</AgentIPAddress><AgentMissionControlPort>0</AgentMissionControlPort><AgentVideoPort>0</AgentVideoPort><AgentDepthPort>0</AgentDepthPort><AgentLuminancePort>0</AgentLuminancePort><AgentObservationsPort>0</AgentObservationsPort><AgentRewardsPort>0</AgentRewardsPort><AgentColourMapPort>0</AgentColourMapPort></ClientAgentConnection></MissionInit>
[14:33:46] [EnvServerSocketHandler/INFO]: [STDOUT]: Setting width, height to 640, 360
[14:33:46] [EnvServerSocketHandler/INFO]: [STDOUT]: Gamma: 2.0
[14:33:46] [EnvServerSocketHandler/INFO]: [STDOUT]: FOV: 70.0
[14:33:46] [EnvServerSocketHandler/INFO]: [STDOUT]: GuiScale: 1.0
[14:33:46] [Render thread/INFO]: [STDOUT]: Seed not provided, generating random one: 6040654859708593833
[14:33:46] [Render thread/WARN]: Ambiguity between arguments [teleport, destination] and [teleport, targets] with inputs: [Player, 0123, @e, dd12be42-52a9-4a91-a8a1-11c01849e498]
[14:33:46] [Render thread/WARN]: Ambiguity between arguments [teleport, location] and [teleport, destination] with inputs: [0.1 -0.5 .9, 0 0 0]
[14:33:46] [Render thread/WARN]: Ambiguity between arguments [teleport, location] and [teleport, targets] with inputs: [0.1 -0.5 .9, 0 0 0]
[14:33:46] [Render thread/WARN]: Ambiguity between arguments [teleport, targets] and [teleport, destination] with inputs: [Player, 0123, dd12be42-52a9-4a91-a8a1-11c01849e498]
[14:33:46] [Render thread/WARN]: Ambiguity between arguments [teleport, targets, location] and [teleport, targets, destination] with inputs: [0.1 -0.5 .9, 0 0 0]
[14:33:46] [Render thread/INFO]: Reloading ResourceManager: Default
[14:33:46] [Render thread/INFO]: Loaded 7 recipes
[14:33:46] [Render thread/INFO]: Loaded 927 advancements
[14:33:47] [Render thread/INFO]: Environment: authHost='https://authserver.mojang.com', accountsHost='https://api.mojang.com', sessionHost='https://sessionserver.mojang.com', servicesHost='https://api.minecraftservices.com', name='PROD'
[14:33:47] [Render thread/INFO]: Starting integrated minecraft server version 1.16.5
[14:33:47] [Render thread/INFO]: Generating keypair
[14:33:52] [Render thread/INFO]: Preparing start region for dimension minecraft:overworld
[14:34:14] [Render thread/INFO]: Changing view distance to 11, from 10
[14:34:14] [Render thread/INFO]: MineRLAgent0[local:E:fce6cc1c] logged in with entity id 1939 at (-956.5, 78.0, 622.5)
[14:34:14] [Render thread/INFO]: MineRLAgent0 joined the game
[14:34:14] [Render thread/INFO]: Preparing spawn area: 2%
[14:34:14] [Render thread/INFO]: Time elapsed: 5 ms
[14:34:15] [Render thread/INFO]: [STDOUT]: Starting new video null
[14:34:15] [Render thread/INFO]: Saving and pausing game...
[14:34:15] [Render thread/INFO]: Saving chunks for level 'ServerLevel[mcpworlddac0554fb923]'/minecraft:overworld
[14:34:17] [Render thread/INFO]: Saving chunks for level 'ServerLevel[mcpworlddac0554fb923]'/minecraft:the_nether
[14:34:17] [Render thread/INFO]: Saving chunks for level 'ServerLevel[mcpworlddac0554fb923]'/minecraft:the_end
[14:34:17] [Render thread/INFO]: MineRLAgent0 has made the advancement [Stone Age]
[14:34:17] [Render thread/INFO]: MineRLAgent0 has made the advancement [Getting an Upgrade]
[14:34:17] [Render thread/INFO]: [CHAT] MineRLAgent0 has made the advancement [Stone Age]
[14:34:17] [Render thread/INFO]: [CHAT] MineRLAgent0 has made the advancement [Getting an Upgrade]
[14:34:17] [Render thread/INFO]: Loaded 24 advancements
[14:34:19] [EnvServerSocketHandler/INFO]: [STDOUT]: *** Stopping the replay, returning control to the inputs
[14:34:19] [EnvServerSocketHandler/INFO]: Received Mission token 21841224-e880-415b-ab40-a80ecb154f7c:0:0:1:true
[14:34:19] [EnvServerSocketHandler/INFO]: Received mission init command  <MissionInit xmlns="http://ProjectMalmo.microsoft.com" xmlns:xsi="http://www.w3.org/2001/XMLSchema-instance" SchemaVersion="" PlatformVersion="0.37.0"><Mission><About><Summary>MineRLBasaltMakeWaterfall-v0</Summary></About><ModSettings><MsPerTick>50</MsPerTick></ModSettings><ServerSection><ServerInitialConditions><Time><AllowPassageOfTime>false</AllowPassageOfTime></Time><AllowSpawning>true</AllowSpawning></ServerInitialConditions><ServerHandlers><DefaultWorldGenerator forceReset="true" generatorOptions="{}"/><ServerQuitFromTimeUp timeLimitMs="300000" description="out_of_time"/><ServerQuitWhenAnyAgentFinishes/></ServerHandlers></ServerSection><AgentSection mode="Survival"><Name>MineRLAgent0</Name><AgentStart><LowLevelInputs>true</LowLevelInputs><GuiScale>1.0</GuiScale><GammaSetting>2.0</GammaSetting><FOVSetting>70.0</FOVSetting><FakeCursorSize>16</FakeCursorSize><Inventory><InventoryObject slot="0" type="water_bucket" quantity="1"/><InventoryObject slot="1" type="cobblestone" quantity="20"/><InventoryObject slot="2" type="stone_shovel" quantity="1"/><InventoryObject slot="3" type="stone_pickaxe" quantity="1"/></Inventory><PreferredSpawnBiome>extreme_hills</PreferredSpawnBiome><DoneOnDeath>true</DoneOnDeath></AgentStart><AgentHandlers><FileBasedPerformanceProducer/><PauseCommand/><VideoProducer want_depth="false"><Width>640</Width><Height>360</Height></VideoProducer><HumanLevelCommands/><CameraCommands/></AgentHandlers></AgentSection></Mission><ExperimentUID>21841224-e880-415b-ab40-a80ecb154f7c</ExperimentUID><ClientRole>0</ClientRole><ClientAgentConnection><ClientIPAddress>127.0.0.1</ClientIPAddress><ClientMissionControlPort>0</ClientMissionControlPort><ClientCommandsPort>0</ClientCommandsPort><AgentIPAddress>127.0.0.1</AgentIPAddress><AgentMissionControlPort>0</AgentMissionControlPort><AgentVideoPort>0</AgentVideoPort><AgentDepthPort>0</AgentDepthPort><AgentLuminancePort>0</AgentLuminancePort><AgentObservationsPort>0</AgentObservationsPort><AgentRewardsPort>0</AgentRewardsPort><AgentColourMapPort>0</AgentColourMapPort></ClientAgentConnection></MissionInit>
[14:34:20] [EnvServerSocketHandler/INFO]: [STDOUT]: Setting width, height to 640, 360
[14:34:20] [EnvServerSocketHandler/INFO]: [STDOUT]: Gamma: 2.0
[14:34:20] [EnvServerSocketHandler/INFO]: [STDOUT]: FOV: 70.0
[14:34:20] [EnvServerSocketHandler/INFO]: [STDOUT]: GuiScale: 1.0
[14:34:20] [Render thread/INFO]: [STDOUT]: Seed not provided, generating random one: -2724484142513976117
[14:34:20] [Render thread/WARN]: Ambiguity between arguments [teleport, destination] and [teleport, targets] with inputs: [Player, 0123, @e, dd12be42-52a9-4a91-a8a1-11c01849e498]
[14:34:20] [Render thread/WARN]: Ambiguity between arguments [teleport, location] and [teleport, destination] with inputs: [0.1 -0.5 .9, 0 0 0]
[14:34:20] [Render thread/WARN]: Ambiguity between arguments [teleport, location] and [teleport, targets] with inputs: [0.1 -0.5 .9, 0 0 0]
[14:34:20] [Render thread/WARN]: Ambiguity between arguments [teleport, targets] and [teleport, destination] with inputs: [Player, 0123, dd12be42-52a9-4a91-a8a1-11c01849e498]
[14:34:20] [Render thread/WARN]: Ambiguity between arguments [teleport, targets, location] and [teleport, targets, destination] with inputs: [0.1 -0.5 .9, 0 0 0]
[14:34:20] [Render thread/INFO]: Reloading ResourceManager: Default
[14:34:21] [Render thread/INFO]: Loaded 7 recipes
[14:34:21] [Render thread/INFO]: Loaded 927 advancements
[14:34:21] [Render thread/INFO]: Environment: authHost='https://authserver.mojang.com', accountsHost='https://api.mojang.com', sessionHost='https://sessionserver.mojang.com', servicesHost='https://api.minecraftservices.com', name='PROD'
[14:34:21] [Render thread/INFO]: Starting integrated minecraft server version 1.16.5
[14:34:21] [Render thread/INFO]: Generating keypair
[14:34:29] [Render thread/INFO]: Preparing start region for dimension minecraft:overworld
[14:34:54] [Render thread/INFO]: Changing view distance to 11, from 10
[14:34:54] [Render thread/INFO]: MineRLAgent0[local:E:9bafd12b] logged in with entity id 2429 at (-968.5, 98.0, 904.5)
[14:34:54] [Render thread/INFO]: MineRLAgent0 joined the game
[14:34:54] [Render thread/INFO]: Preparing spawn area: 11%
[14:34:54] [Render thread/INFO]: Time elapsed: 3 ms
[14:34:54] [Render thread/INFO]: [STDOUT]: Starting new video null
[14:34:54] [Render thread/INFO]: Saving and pausing game...
[14:34:54] [Render thread/INFO]: Saving chunks for level 'ServerLevel[mcpworldf6bdebcbb3a2]'/minecraft:overworld
[14:34:56] [Render thread/INFO]: Saving chunks for level 'ServerLevel[mcpworldf6bdebcbb3a2]'/minecraft:the_nether
[14:34:56] [Render thread/INFO]: Saving chunks for level 'ServerLevel[mcpworldf6bdebcbb3a2]'/minecraft:the_end
[14:34:56] [Render thread/INFO]: MineRLAgent0 has made the advancement [Stone Age]
[14:34:56] [Render thread/INFO]: MineRLAgent0 has made the advancement [Getting an Upgrade]
[14:34:56] [Render thread/INFO]: [CHAT] MineRLAgent0 has made the advancement [Stone Age]
[14:34:56] [Render thread/INFO]: [CHAT] MineRLAgent0 has made the advancement [Getting an Upgrade]
[14:34:56] [Render thread/INFO]: Loaded 24 advancements
[14:34:57] [EnvServerSocketHandler/INFO]: [STDOUT]: *** Stopping the replay, returning control to the inputs
[14:34:57] [EnvServerSocketHandler/INFO]: Received Mission token 4571d324-a73f-48aa-838c-64d709d770ff:0:0:1:true
[14:34:57] [EnvServerSocketHandler/INFO]: Received mission init command  <MissionInit xmlns="http://ProjectMalmo.microsoft.com" xmlns:xsi="http://www.w3.org/2001/XMLSchema-instance" SchemaVersion="" PlatformVersion="0.37.0"><Mission><About><Summary>MineRLBasaltMakeWaterfall-v0</Summary></About><ModSettings><MsPerTick>50</MsPerTick></ModSettings><ServerSection><ServerInitialConditions><Time><AllowPassageOfTime>false</AllowPassageOfTime></Time><AllowSpawning>true</AllowSpawning></ServerInitialConditions><ServerHandlers><DefaultWorldGenerator forceReset="true" generatorOptions="{}"/><ServerQuitFromTimeUp timeLimitMs="300000" description="out_of_time"/><ServerQuitWhenAnyAgentFinishes/></ServerHandlers></ServerSection><AgentSection mode="Survival"><Name>MineRLAgent0</Name><AgentStart><LowLevelInputs>true</LowLevelInputs><GuiScale>1.0</GuiScale><GammaSetting>2.0</GammaSetting><FOVSetting>70.0</FOVSetting><FakeCursorSize>16</FakeCursorSize><Inventory><InventoryObject slot="0" type="water_bucket" quantity="1"/><InventoryObject slot="1" type="cobblestone" quantity="20"/><InventoryObject slot="2" type="stone_shovel" quantity="1"/><InventoryObject slot="3" type="stone_pickaxe" quantity="1"/></Inventory><PreferredSpawnBiome>extreme_hills</PreferredSpawnBiome><DoneOnDeath>true</DoneOnDeath></AgentStart><AgentHandlers><FileBasedPerformanceProducer/><PauseCommand/><VideoProducer want_depth="false"><Width>640</Width><Height>360</Height></VideoProducer><HumanLevelCommands/><CameraCommands/></AgentHandlers></AgentSection></Mission><ExperimentUID>4571d324-a73f-48aa-838c-64d709d770ff</ExperimentUID><ClientRole>0</ClientRole><ClientAgentConnection><ClientIPAddress>127.0.0.1</ClientIPAddress><ClientMissionControlPort>0</ClientMissionControlPort><ClientCommandsPort>0</ClientCommandsPort><AgentIPAddress>127.0.0.1</AgentIPAddress><AgentMissionControlPort>0</AgentMissionControlPort><AgentVideoPort>0</AgentVideoPort><AgentDepthPort>0</AgentDepthPort><AgentLuminancePort>0</AgentLuminancePort><AgentObservationsPort>0</AgentObservationsPort><AgentRewardsPort>0</AgentRewardsPort><AgentColourMapPort>0</AgentColourMapPort></ClientAgentConnection></MissionInit>
[14:34:58] [EnvServerSocketHandler/INFO]: [STDOUT]: Setting width, height to 640, 360
[14:34:58] [EnvServerSocketHandler/INFO]: [STDOUT]: Gamma: 2.0
[14:34:58] [EnvServerSocketHandler/INFO]: [STDOUT]: FOV: 70.0
[14:34:58] [EnvServerSocketHandler/INFO]: [STDOUT]: GuiScale: 1.0
[14:34:58] [Render thread/INFO]: [STDOUT]: Seed not provided, generating random one: 7513032464508603791
[14:34:58] [Render thread/WARN]: Ambiguity between arguments [teleport, destination] and [teleport, targets] with inputs: [Player, 0123, @e, dd12be42-52a9-4a91-a8a1-11c01849e498]
[14:34:58] [Render thread/WARN]: Ambiguity between arguments [teleport, location] and [teleport, destination] with inputs: [0.1 -0.5 .9, 0 0 0]
[14:34:58] [Render thread/WARN]: Ambiguity between arguments [teleport, location] and [teleport, targets] with inputs: [0.1 -0.5 .9, 0 0 0]
[14:34:58] [Render thread/WARN]: Ambiguity between arguments [teleport, targets] and [teleport, destination] with inputs: [Player, 0123, dd12be42-52a9-4a91-a8a1-11c01849e498]
[14:34:58] [Render thread/WARN]: Ambiguity between arguments [teleport, targets, location] and [teleport, targets, destination] with inputs: [0.1 -0.5 .9, 0 0 0]
[14:34:58] [Render thread/INFO]: Reloading ResourceManager: Default
[14:34:59] [Render thread/INFO]: Loaded 7 recipes
[14:34:59] [Render thread/INFO]: Loaded 927 advancements
[14:35:00] [Render thread/INFO]: Environment: authHost='https://authserver.mojang.com', accountsHost='https://api.mojang.com', sessionHost='https://sessionserver.mojang.com', servicesHost='https://api.minecraftservices.com', name='PROD'
[14:35:00] [Render thread/INFO]: Starting integrated minecraft server version 1.16.5
[14:35:00] [Render thread/INFO]: Generating keypair
[14:35:06] [Render thread/INFO]: Preparing start region for dimension minecraft:overworld
[14:35:29] [Render thread/INFO]: Changing view distance to 11, from 10
[14:35:29] [Render thread/INFO]: MineRLAgent0[local:E:0f22e12e] logged in with entity id 2760 at (-1021.5, 78.0, 890.5)
[14:35:29] [Render thread/INFO]: MineRLAgent0 joined the game
[14:35:29] [Render thread/INFO]: Preparing spawn area: 14%
[14:35:29] [Render thread/INFO]: Time elapsed: 3 ms
[14:35:29] [Render thread/INFO]: [STDOUT]: Starting new video null
[14:35:29] [Render thread/INFO]: Saving and pausing game...
[14:35:29] [Render thread/INFO]: Saving chunks for level 'ServerLevel[mcpworldb1681299fb88]'/minecraft:overworld
[14:35:30] [Render thread/INFO]: Saving chunks for level 'ServerLevel[mcpworldb1681299fb88]'/minecraft:the_nether
[14:35:30] [Render thread/INFO]: Saving chunks for level 'ServerLevel[mcpworldb1681299fb88]'/minecraft:the_end
[14:35:31] [Render thread/INFO]: MineRLAgent0 has made the advancement [Stone Age]
[14:35:31] [Render thread/INFO]: MineRLAgent0 has made the advancement [Getting an Upgrade]
[14:35:31] [Render thread/INFO]: [CHAT] MineRLAgent0 has made the advancement [Stone Age]
[14:35:31] [Render thread/INFO]: [CHAT] MineRLAgent0 has made the advancement [Getting an Upgrade]
[14:35:31] [Render thread/INFO]: Loaded 24 advancements
[14:35:32] [EnvServerSocketHandler/INFO]: [STDOUT]: *** Stopping the replay, returning control to the inputs
[14:35:32] [EnvServerSocketHandler/INFO]: Received Mission token c5557237-7532-41c1-809e-97b33cbf1d03:0:0:1:true
[14:35:32] [EnvServerSocketHandler/INFO]: Received mission init command  <MissionInit xmlns="http://ProjectMalmo.microsoft.com" xmlns:xsi="http://www.w3.org/2001/XMLSchema-instance" SchemaVersion="" PlatformVersion="0.37.0"><Mission><About><Summary>MineRLBasaltMakeWaterfall-v0</Summary></About><ModSettings><MsPerTick>50</MsPerTick></ModSettings><ServerSection><ServerInitialConditions><Time><AllowPassageOfTime>false</AllowPassageOfTime></Time><AllowSpawning>true</AllowSpawning></ServerInitialConditions><ServerHandlers><DefaultWorldGenerator forceReset="true" generatorOptions="{}"/><ServerQuitFromTimeUp timeLimitMs="300000" description="out_of_time"/><ServerQuitWhenAnyAgentFinishes/></ServerHandlers></ServerSection><AgentSection mode="Survival"><Name>MineRLAgent0</Name><AgentStart><LowLevelInputs>true</LowLevelInputs><GuiScale>1.0</GuiScale><GammaSetting>2.0</GammaSetting><FOVSetting>70.0</FOVSetting><FakeCursorSize>16</FakeCursorSize><Inventory><InventoryObject slot="0" type="water_bucket" quantity="1"/><InventoryObject slot="1" type="cobblestone" quantity="20"/><InventoryObject slot="2" type="stone_shovel" quantity="1"/><InventoryObject slot="3" type="stone_pickaxe" quantity="1"/></Inventory><PreferredSpawnBiome>extreme_hills</PreferredSpawnBiome><DoneOnDeath>true</DoneOnDeath></AgentStart><AgentHandlers><FileBasedPerformanceProducer/><PauseCommand/><VideoProducer want_depth="false"><Width>640</Width><Height>360</Height></VideoProducer><HumanLevelCommands/><CameraCommands/></AgentHandlers></AgentSection></Mission><ExperimentUID>c5557237-7532-41c1-809e-97b33cbf1d03</ExperimentUID><ClientRole>0</ClientRole><ClientAgentConnection><ClientIPAddress>127.0.0.1</ClientIPAddress><ClientMissionControlPort>0</ClientMissionControlPort><ClientCommandsPort>0</ClientCommandsPort><AgentIPAddress>127.0.0.1</AgentIPAddress><AgentMissionControlPort>0</AgentMissionControlPort><AgentVideoPort>0</AgentVideoPort><AgentDepthPort>0</AgentDepthPort><AgentLuminancePort>0</AgentLuminancePort><AgentObservationsPort>0</AgentObservationsPort><AgentRewardsPort>0</AgentRewardsPort><AgentColourMapPort>0</AgentColourMapPort></ClientAgentConnection></MissionInit>
[14:35:33] [EnvServerSocketHandler/INFO]: [STDOUT]: Setting width, height to 640, 360
[14:35:33] [EnvServerSocketHandler/INFO]: [STDOUT]: Gamma: 2.0
[14:35:33] [EnvServerSocketHandler/INFO]: [STDOUT]: FOV: 70.0
[14:35:33] [EnvServerSocketHandler/INFO]: [STDOUT]: GuiScale: 1.0
[14:35:33] [Render thread/INFO]: [STDOUT]: Seed not provided, generating random one: 2510195045937823907
[14:35:33] [Render thread/WARN]: Ambiguity between arguments [teleport, destination] and [teleport, targets] with inputs: [Player, 0123, @e, dd12be42-52a9-4a91-a8a1-11c01849e498]
[14:35:33] [Render thread/WARN]: Ambiguity between arguments [teleport, location] and [teleport, destination] with inputs: [0.1 -0.5 .9, 0 0 0]
[14:35:33] [Render thread/WARN]: Ambiguity between arguments [teleport, location] and [teleport, targets] with inputs: [0.1 -0.5 .9, 0 0 0]
[14:35:33] [Render thread/WARN]: Ambiguity between arguments [teleport, targets] and [teleport, destination] with inputs: [Player, 0123, dd12be42-52a9-4a91-a8a1-11c01849e498]
[14:35:33] [Render thread/WARN]: Ambiguity between arguments [teleport, targets, location] and [teleport, targets, destination] with inputs: [0.1 -0.5 .9, 0 0 0]
[14:35:33] [Render thread/INFO]: Reloading ResourceManager: Default
[14:35:34] [Render thread/INFO]: Loaded 7 recipes
[14:35:34] [Render thread/INFO]: Loaded 927 advancements
[14:35:35] [Render thread/INFO]: Environment: authHost='https://authserver.mojang.com', accountsHost='https://api.mojang.com', sessionHost='https://sessionserver.mojang.com', servicesHost='https://api.minecraftservices.com', name='PROD'
[14:35:35] [Render thread/INFO]: Starting integrated minecraft server version 1.16.5
[14:35:35] [Render thread/INFO]: Generating keypair
[14:35:44] [Render thread/INFO]: Preparing start region for dimension minecraft:overworld
[14:36:13] [Render thread/INFO]: Changing view distance to 11, from 10
[14:36:13] [Render thread/INFO]: MineRLAgent0[local:E:edfd8186] logged in with entity id 3181 at (1006.5, 81.0, -132.5)
[14:36:13] [Render thread/INFO]: MineRLAgent0 joined the game
[14:36:13] [Render thread/INFO]: Preparing spawn area: 3%
[14:36:13] [Render thread/INFO]: Time elapsed: 3 ms
[14:36:13] [Render thread/INFO]: [STDOUT]: Starting new video null
[14:36:13] [Render thread/INFO]: Saving and pausing game...
[14:36:13] [Render thread/INFO]: Saving chunks for level 'ServerLevel[mcpworld7d3b3308b02e]'/minecraft:overworld
[14:36:15] [Render thread/INFO]: Saving chunks for level 'ServerLevel[mcpworld7d3b3308b02e]'/minecraft:the_nether
[14:36:15] [Render thread/INFO]: Saving chunks for level 'ServerLevel[mcpworld7d3b3308b02e]'/minecraft:the_end
[14:36:15] [Render thread/INFO]: MineRLAgent0 has made the advancement [Stone Age]
[14:36:15] [Render thread/INFO]: MineRLAgent0 has made the advancement [Getting an Upgrade]
[14:36:16] [Render thread/INFO]: [CHAT] MineRLAgent0 has made the advancement [Stone Age]
[14:36:16] [Render thread/INFO]: [CHAT] MineRLAgent0 has made the advancement [Getting an Upgrade]
[14:36:16] [Render thread/INFO]: Loaded 24 advancements
[14:36:17] [EnvServerSocketHandler/INFO]: [STDOUT]: *** Stopping the replay, returning control to the inputs
[14:36:17] [EnvServerSocketHandler/INFO]: Received Mission token a6366d99-f616-40e8-bc72-835463ed673e:0:0:1:true
[14:36:17] [EnvServerSocketHandler/INFO]: Received mission init command  <MissionInit xmlns="http://ProjectMalmo.microsoft.com" xmlns:xsi="http://www.w3.org/2001/XMLSchema-instance" SchemaVersion="" PlatformVersion="0.37.0"><Mission><About><Summary>MineRLBasaltMakeWaterfall-v0</Summary></About><ModSettings><MsPerTick>50</MsPerTick></ModSettings><ServerSection><ServerInitialConditions><Time><AllowPassageOfTime>false</AllowPassageOfTime></Time><AllowSpawning>true</AllowSpawning></ServerInitialConditions><ServerHandlers><DefaultWorldGenerator forceReset="true" generatorOptions="{}"/><ServerQuitFromTimeUp timeLimitMs="300000" description="out_of_time"/><ServerQuitWhenAnyAgentFinishes/></ServerHandlers></ServerSection><AgentSection mode="Survival"><Name>MineRLAgent0</Name><AgentStart><LowLevelInputs>true</LowLevelInputs><GuiScale>1.0</GuiScale><GammaSetting>2.0</GammaSetting><FOVSetting>70.0</FOVSetting><FakeCursorSize>16</FakeCursorSize><Inventory><InventoryObject slot="0" type="water_bucket" quantity="1"/><InventoryObject slot="1" type="cobblestone" quantity="20"/><InventoryObject slot="2" type="stone_shovel" quantity="1"/><InventoryObject slot="3" type="stone_pickaxe" quantity="1"/></Inventory><PreferredSpawnBiome>extreme_hills</PreferredSpawnBiome><DoneOnDeath>true</DoneOnDeath></AgentStart><AgentHandlers><FileBasedPerformanceProducer/><PauseCommand/><VideoProducer want_depth="false"><Width>640</Width><Height>360</Height></VideoProducer><HumanLevelCommands/><CameraCommands/></AgentHandlers></AgentSection></Mission><ExperimentUID>a6366d99-f616-40e8-bc72-835463ed673e</ExperimentUID><ClientRole>0</ClientRole><ClientAgentConnection><ClientIPAddress>127.0.0.1</ClientIPAddress><ClientMissionControlPort>0</ClientMissionControlPort><ClientCommandsPort>0</ClientCommandsPort><AgentIPAddress>127.0.0.1</AgentIPAddress><AgentMissionControlPort>0</AgentMissionControlPort><AgentVideoPort>0</AgentVideoPort><AgentDepthPort>0</AgentDepthPort><AgentLuminancePort>0</AgentLuminancePort><AgentObservationsPort>0</AgentObservationsPort><AgentRewardsPort>0</AgentRewardsPort><AgentColourMapPort>0</AgentColourMapPort></ClientAgentConnection></MissionInit>
[14:36:20] [EnvServerSocketHandler/INFO]: [STDOUT]: Setting width, height to 640, 360
[14:36:20] [EnvServerSocketHandler/INFO]: [STDOUT]: Gamma: 2.0
[14:36:20] [EnvServerSocketHandler/INFO]: [STDOUT]: FOV: 70.0
[14:36:20] [EnvServerSocketHandler/INFO]: [STDOUT]: GuiScale: 1.0
[14:36:20] [Render thread/INFO]: [STDOUT]: Seed not provided, generating random one: 6923439128015707380
[14:36:21] [Render thread/WARN]: Ambiguity between arguments [teleport, destination] and [teleport, targets] with inputs: [Player, 0123, @e, dd12be42-52a9-4a91-a8a1-11c01849e498]
[14:36:21] [Render thread/WARN]: Ambiguity between arguments [teleport, location] and [teleport, destination] with inputs: [0.1 -0.5 .9, 0 0 0]
[14:36:21] [Render thread/WARN]: Ambiguity between arguments [teleport, location] and [teleport, targets] with inputs: [0.1 -0.5 .9, 0 0 0]
[14:36:21] [Render thread/WARN]: Ambiguity between arguments [teleport, targets] and [teleport, destination] with inputs: [Player, 0123, dd12be42-52a9-4a91-a8a1-11c01849e498]
[14:36:21] [Render thread/WARN]: Ambiguity between arguments [teleport, targets, location] and [teleport, targets, destination] with inputs: [0.1 -0.5 .9, 0 0 0]
[14:36:21] [Render thread/INFO]: Reloading ResourceManager: Default
[14:36:21] [Render thread/INFO]: Loaded 7 recipes
[14:36:21] [Render thread/INFO]: Loaded 927 advancements
[14:36:22] [Render thread/INFO]: Environment: authHost='https://authserver.mojang.com', accountsHost='https://api.mojang.com', sessionHost='https://sessionserver.mojang.com', servicesHost='https://api.minecraftservices.com', name='PROD'
[14:36:22] [Render thread/INFO]: Starting integrated minecraft server version 1.16.5
[14:36:22] [Render thread/INFO]: Generating keypair
[14:36:29] [Render thread/INFO]: Preparing start region for dimension minecraft:overworld
[14:36:48] [Render thread/INFO]: Changing view distance to 11, from 10
[14:36:48] [Render thread/INFO]: MineRLAgent0[local:E:b8f9a1eb] logged in with entity id 3597 at (-984.5, 69.0, 206.5)
[14:36:48] [Render thread/INFO]: MineRLAgent0 joined the game
[14:36:48] [Render thread/INFO]: Preparing spawn area: 0%
[14:36:48] [Render thread/INFO]: Time elapsed: 4 ms
[14:36:49] [Render thread/INFO]: [STDOUT]: Starting new video null
[14:36:49] [Render thread/INFO]: Saving and pausing game...
[14:36:49] [Render thread/INFO]: Saving chunks for level 'ServerLevel[mcpworld77c0566d6c51]'/minecraft:overworld
[14:36:50] [Render thread/INFO]: Saving chunks for level 'ServerLevel[mcpworld77c0566d6c51]'/minecraft:the_nether
[14:36:50] [Render thread/INFO]: Saving chunks for level 'ServerLevel[mcpworld77c0566d6c51]'/minecraft:the_end
[14:36:50] [Render thread/INFO]: MineRLAgent0 has made the advancement [Stone Age]
[14:36:50] [Render thread/INFO]: MineRLAgent0 has made the advancement [Getting an Upgrade]
[14:36:50] [Render thread/INFO]: [CHAT] MineRLAgent0 has made the advancement [Stone Age]
[14:36:50] [Render thread/INFO]: [CHAT] MineRLAgent0 has made the advancement [Getting an Upgrade]
[14:36:50] [Render thread/INFO]: Loaded 24 advancements
[14:36:52] [EnvServerSocketHandler/INFO]: [STDOUT]: *** Stopping the replay, returning control to the inputs
[14:36:52] [EnvServerSocketHandler/INFO]: Received Mission token 4a171b91-0395-448f-ad08-7b3eba0705bb:0:0:1:true
[14:36:52] [EnvServerSocketHandler/INFO]: Received mission init command  <MissionInit xmlns="http://ProjectMalmo.microsoft.com" xmlns:xsi="http://www.w3.org/2001/XMLSchema-instance" SchemaVersion="" PlatformVersion="0.37.0"><Mission><About><Summary>MineRLBasaltMakeWaterfall-v0</Summary></About><ModSettings><MsPerTick>50</MsPerTick></ModSettings><ServerSection><ServerInitialConditions><Time><AllowPassageOfTime>false</AllowPassageOfTime></Time><AllowSpawning>true</AllowSpawning></ServerInitialConditions><ServerHandlers><DefaultWorldGenerator forceReset="true" generatorOptions="{}"/><ServerQuitFromTimeUp timeLimitMs="300000" description="out_of_time"/><ServerQuitWhenAnyAgentFinishes/></ServerHandlers></ServerSection><AgentSection mode="Survival"><Name>MineRLAgent0</Name><AgentStart><LowLevelInputs>true</LowLevelInputs><GuiScale>1.0</GuiScale><GammaSetting>2.0</GammaSetting><FOVSetting>70.0</FOVSetting><FakeCursorSize>16</FakeCursorSize><Inventory><InventoryObject slot="0" type="water_bucket" quantity="1"/><InventoryObject slot="1" type="cobblestone" quantity="20"/><InventoryObject slot="2" type="stone_shovel" quantity="1"/><InventoryObject slot="3" type="stone_pickaxe" quantity="1"/></Inventory><PreferredSpawnBiome>extreme_hills</PreferredSpawnBiome><DoneOnDeath>true</DoneOnDeath></AgentStart><AgentHandlers><FileBasedPerformanceProducer/><PauseCommand/><VideoProducer want_depth="false"><Width>640</Width><Height>360</Height></VideoProducer><HumanLevelCommands/><CameraCommands/></AgentHandlers></AgentSection></Mission><ExperimentUID>4a171b91-0395-448f-ad08-7b3eba0705bb</ExperimentUID><ClientRole>0</ClientRole><ClientAgentConnection><ClientIPAddress>127.0.0.1</ClientIPAddress><ClientMissionControlPort>0</ClientMissionControlPort><ClientCommandsPort>0</ClientCommandsPort><AgentIPAddress>127.0.0.1</AgentIPAddress><AgentMissionControlPort>0</AgentMissionControlPort><AgentVideoPort>0</AgentVideoPort><AgentDepthPort>0</AgentDepthPort><AgentLuminancePort>0</AgentLuminancePort><AgentObservationsPort>0</AgentObservationsPort><AgentRewardsPort>0</AgentRewardsPort><AgentColourMapPort>0</AgentColourMapPort></ClientAgentConnection></MissionInit>
[14:36:52] [EnvServerSocketHandler/INFO]: [STDOUT]: Setting width, height to 640, 360
[14:36:52] [EnvServerSocketHandler/INFO]: [STDOUT]: Gamma: 2.0
[14:36:52] [EnvServerSocketHandler/INFO]: [STDOUT]: FOV: 70.0
[14:36:52] [EnvServerSocketHandler/INFO]: [STDOUT]: GuiScale: 1.0
[14:36:52] [Render thread/INFO]: [STDOUT]: Seed not provided, generating random one: -4961341965149217311
[14:36:52] [Render thread/WARN]: Ambiguity between arguments [teleport, destination] and [teleport, targets] with inputs: [Player, 0123, @e, dd12be42-52a9-4a91-a8a1-11c01849e498]
[14:36:52] [Render thread/WARN]: Ambiguity between arguments [teleport, location] and [teleport, destination] with inputs: [0.1 -0.5 .9, 0 0 0]
[14:36:52] [Render thread/WARN]: Ambiguity between arguments [teleport, location] and [teleport, targets] with inputs: [0.1 -0.5 .9, 0 0 0]
[14:36:52] [Render thread/WARN]: Ambiguity between arguments [teleport, targets] and [teleport, destination] with inputs: [Player, 0123, dd12be42-52a9-4a91-a8a1-11c01849e498]
[14:36:52] [Render thread/WARN]: Ambiguity between arguments [teleport, targets, location] and [teleport, targets, destination] with inputs: [0.1 -0.5 .9, 0 0 0]
[14:36:52] [Render thread/INFO]: Reloading ResourceManager: Default
[14:36:53] [Render thread/INFO]: Loaded 7 recipes
[14:36:53] [Render thread/INFO]: Loaded 927 advancements
[14:36:54] [Render thread/INFO]: Environment: authHost='https://authserver.mojang.com', accountsHost='https://api.mojang.com', sessionHost='https://sessionserver.mojang.com', servicesHost='https://api.minecraftservices.com', name='PROD'
[14:36:54] [Render thread/INFO]: Starting integrated minecraft server version 1.16.5
[14:36:54] [Render thread/INFO]: Generating keypair
[14:37:05] [Render thread/INFO]: Preparing start region for dimension minecraft:overworld
