[14:20:50] [Thread-5/INFO]: [STDOUT]: SERVER enter state: DORMANT
[14:20:50] [EnvServerSocketHandler/INFO]: Received Mission token 62d3fa98-fc2b-436e-8936-3a3e924758a2:0:0:1:true
[14:20:50] [EnvServerSocketHandler/INFO]: Received mission init command  <MissionInit xmlns="http://ProjectMalmo.microsoft.com" xmlns:xsi="http://www.w3.org/2001/XMLSchema-instance" SchemaVersion="" PlatformVersion="0.37.0"><Mission><About><Summary>MineRLBasaltMakeWaterfall-v0</Summary></About><ModSettings><MsPerTick>50</MsPerTick></ModSettings><ServerSection><ServerInitialConditions><Time><AllowPassageOfTime>false</AllowPassageOfTime></Time><AllowSpawning>true</AllowSpawning></ServerInitialConditions><ServerHandlers><DefaultWorldGenerator forceReset="true" generatorOptions="{}"/><ServerQuitFromTimeUp timeLimitMs="300000" description="out_of_time"/><ServerQuitWhenAnyAgentFinishes/></ServerHandlers></ServerSection><AgentSection mode="Survival"><Name>MineRLAgent0</Name><AgentStart><LowLevelInputs>true</LowLevelInputs><GuiScale>1.0</GuiScale><GammaSetting>2.0</GammaSetting><FOVSetting>70.0</FOVSetting><FakeCursorSize>16</FakeCursorSize><Inventory><InventoryObject slot="0" type="water_bucket" quantity="1"/><InventoryObject slot="1" type="cobblestone" quantity="20"/><InventoryObject slot="2" type="stone_shovel" quantity="1"/><InventoryObject slot="3" type="stone_pickaxe" quantity="1"/></Inventory><PreferredSpawnBiome>extreme_hills</PreferredSpawnBiome><DoneOnDeath>true</DoneOnDeath></AgentStart><AgentHandlers><FileBasedPerformanceProducer/><PauseCommand/><VideoProducer want_depth="false"><Width>640</Width><Height>360</Height></VideoProducer><HumanLevelCommands/><CameraCommands/></AgentHandlers></AgentSection></Mission><ExperimentUID>62d3fa98-fc2b-436e-8936-3a3e924758a2</ExperimentUID><ClientRole>0</ClientRole><ClientAgentConnection><ClientIPAddress>127.0.0.1</ClientIPAddress><ClientMissionControlPort>0</ClientMissionControlPort><ClientCommandsPort>0</ClientCommandsPort><AgentIPAddress>127.0.0.1</AgentIPAddress><AgentMissionControlPort>0</AgentMissionControlPort><AgentVideoPort>0</AgentVideoPort><AgentDepthPort>0</AgentDepthPort><AgentLuminancePort>0</AgentLuminancePort><AgentObservationsPort>0</AgentObservationsPort><AgentRewardsPort>0</AgentRewardsPort><AgentColourMapPort>0</AgentColourMapPort></ClientAgentConnection></MissionInit>
[14:20:52] [Render thread/INFO]: [STDOUT]: *** creating fake mouse cursor ***
[14:20:54] [EnvServerSocketHandler/INFO]: [STDOUT]: Setting width, height to 640, 360
[14:20:54] [EnvServerSocketHandler/INFO]: [STDOUT]: Gamma: 2.0
[14:20:54] [EnvServerSocketHandler/INFO]: [STDOUT]: FOV: 70.0
[14:20:54] [EnvServerSocketHandler/INFO]: [STDOUT]: GuiScale: 1.0
[14:20:54] [Render thread/INFO]: [STDOUT]: Seed not provided, generating random one: 2871601603557735336
[14:20:57] [Render thread/WARN]: Ambiguity between arguments [teleport, destination] and [teleport, targets] with inputs: [Player, 0123, @e, dd12be42-52a9-4a91-a8a1-11c01849e498]
[14:20:57] [Render thread/WARN]: Ambiguity between arguments [teleport, location] and [teleport, destination] with inputs: [0.1 -0.5 .9, 0 0 0]
[14:20:57] [Render thread/WARN]: Ambiguity between arguments [teleport, location] and [teleport, targets] with inputs: [0.1 -0.5 .9, 0 0 0]
[14:20:57] [Render thread/WARN]: Ambiguity between arguments [teleport, targets] and [teleport, destination] with inputs: [Player, 0123, dd12be42-52a9-4a91-a8a1-11c01849e498]
[14:20:57] [Render thread/WARN]: Ambiguity between arguments [teleport, targets, location] and [teleport, targets, destination] with inputs: [0.1 -0.5 .9, 0 0 0]
[14:20:57] [Render thread/INFO]: Reloading ResourceManager: Default
[14:20:58] [Render thread/INFO]: Loaded 7 recipes
[14:20:58] [Render thread/INFO]: Loaded 927 advancements
[14:21:02] [Render thread/INFO]: Environment: authHost='https://authserver.mojang.com', accountsHost='https://api.mojang.com', sessionHost='https://sessionserver.mojang.com', servicesHost='https://api.minecraftservices.com', name='PROD'
[14:21:03] [Render thread/INFO]: Starting integrated minecraft server version 1.16.5
[14:21:03] [Render thread/INFO]: Generating keypair
[14:21:18] [Render thread/INFO]: Preparing start region for dimension minecraft:overworld
[14:21:49] [Render thread/INFO]: Changing view distance to 11, from 10
[14:21:51] [Render thread/INFO]: MineRLAgent0[local:E:3f0047cb] logged in with entity id 290 at (722.5, 83.0, 362.5)
[14:21:51] [Render thread/INFO]: MineRLAgent0 joined the game
[14:21:52] [Render thread/INFO]: Preparing spawn area: 0%
[14:21:52] [Render thread/INFO]: Time elapsed: 10 ms
[14:21:52] [Render thread/INFO]: [STDOUT]: Starting new video null
[14:21:52] [Render thread/INFO]: Saving and pausing game...
[14:21:52] [Render thread/INFO]: Saving chunks for level 'ServerLevel[mcpworld579cd4eead80]'/minecraft:overworld
[14:21:54] [Render thread/INFO]: Saving chunks for level 'ServerLevel[mcpworld579cd4eead80]'/minecraft:the_nether
[14:21:54] [Render thread/INFO]: Saving chunks for level 'ServerLevel[mcpworld579cd4eead80]'/minecraft:the_end
[14:21:55] [Render thread/INFO]: MineRLAgent0 has made the advancement [Stone Age]
[14:21:56] [Render thread/INFO]: MineRLAgent0 has made the advancement [Getting an Upgrade]
[14:21:56] [Render thread/INFO]: [CHAT] MineRLAgent0 has made the advancement [Stone Age]
[14:21:56] [Render thread/INFO]: [CHAT] MineRLAgent0 has made the advancement [Getting an Upgrade]
[14:21:56] [Render thread/INFO]: Loaded 24 advancements
[14:22:01] [EnvServerSocketHandler/INFO]: [STDOUT]: *** Stopping the replay, returning control to the inputs
[14:22:02] [EnvServerSocketHandler/INFO]: Received Mission token a99a33e4-dbe5-4905-9086-7c9fc95f272f:0:0:1:true
[14:22:02] [EnvServerSocketHandler/INFO]: Received mission init command  <MissionInit xmlns="http://ProjectMalmo.microsoft.com" xmlns:xsi="http://www.w3.org/2001/XMLSchema-instance" SchemaVersion="" PlatformVersion="0.37.0"><Mission><About><Summary>MineRLBasaltMakeWaterfall-v0</Summary></About><ModSettings><MsPerTick>50</MsPerTick></ModSettings><ServerSection><ServerInitialConditions><Time><AllowPassageOfTime>false</AllowPassageOfTime></Time><AllowSpawning>true</AllowSpawning></ServerInitialConditions><ServerHandlers><DefaultWorldGenerator forceReset="true" generatorOptions="{}"/><ServerQuitFromTimeUp timeLimitMs="300000" description="out_of_time"/><ServerQuitWhenAnyAgentFinishes/></ServerHandlers></ServerSection><AgentSection mode="Survival"><Name>MineRLAgent0</Name><AgentStart><LowLevelInputs>true</LowLevelInputs><GuiScale>1.0</GuiScale><GammaSetting>2.0</GammaSetting><FOVSetting>70.0</FOVSetting><FakeCursorSize>16</FakeCursorSize><Inventory><InventoryObject slot="0" type="water_bucket" quantity="1"/><InventoryObject slot="1" type="cobblestone" quantity="20"/><InventoryObject slot="2" type="stone_shovel" quantity="1"/><InventoryObject slot="3" type="stone_pickaxe" quantity="1"/></Inventory><PreferredSpawnBiome>extreme_hills</PreferredSpawnBiome><DoneOnDeath>true</DoneOnDeath></AgentStart><AgentHandlers><FileBasedPerformanceProducer/><PauseCommand/><VideoProducer want_depth="false"><Width>640</Width><Height>360</Height></VideoProducer><HumanLevelCommands/><CameraCommands/></AgentHandlers></AgentSection></Mission><ExperimentUID>a99a33e4-dbe5-4905-9086-7c9fc95f272f</ExperimentUID><ClientRole>0</ClientRole><ClientAgentConnection><ClientIPAddress>127.0.0.1</ClientIPAddress><ClientMissionControlPort>0</ClientMissionControlPort><ClientCommandsPort>0</ClientCommandsPort><AgentIPAddress>127.0.0.1</AgentIPAddress><AgentMissionControlPort>0</AgentMissionControlPort><AgentVideoPort>0</AgentVideoPort><AgentDepthPort>0</AgentDepthPort><AgentLuminancePort>0</AgentLuminancePort><AgentObservationsPort>0</AgentObservationsPort><AgentRewardsPort>0</AgentRewardsPort><AgentColourMapPort>0</AgentColourMapPort></ClientAgentConnection></MissionInit>
[14:22:03] [EnvServerSocketHandler/INFO]: [STDOUT]: Setting width, height to 640, 360
[14:22:03] [EnvServerSocketHandler/INFO]: [STDOUT]: Gamma: 2.0
[14:22:03] [EnvServerSocketHandler/INFO]: [STDOUT]: FOV: 70.0
[14:22:03] [EnvServerSocketHandler/INFO]: [STDOUT]: GuiScale: 1.0
[14:22:03] [Render thread/INFO]: [STDOUT]: Seed not provided, generating random one: 2000863629933727450
[14:22:04] [Render thread/WARN]: Ambiguity between arguments [teleport, destination] and [teleport, targets] with inputs: [Player, 0123, @e, dd12be42-52a9-4a91-a8a1-11c01849e498]
[14:22:04] [Render thread/WARN]: Ambiguity between arguments [teleport, location] and [teleport, destination] with inputs: [0.1 -0.5 .9, 0 0 0]
[14:22:04] [Render thread/WARN]: Ambiguity between arguments [teleport, location] and [teleport, targets] with inputs: [0.1 -0.5 .9, 0 0 0]
[14:22:04] [Render thread/WARN]: Ambiguity between arguments [teleport, targets] and [teleport, destination] with inputs: [Player, 0123, dd12be42-52a9-4a91-a8a1-11c01849e498]
[14:22:04] [Render thread/WARN]: Ambiguity between arguments [teleport, targets, location] and [teleport, targets, destination] with inputs: [0.1 -0.5 .9, 0 0 0]
[14:22:04] [Render thread/INFO]: Reloading ResourceManager: Default
[14:22:04] [Render thread/INFO]: Loaded 7 recipes
[14:22:05] [Render thread/INFO]: Loaded 927 advancements
[14:22:06] [Render thread/INFO]: Environment: authHost='https://authserver.mojang.com', accountsHost='https://api.mojang.com', sessionHost='https://sessionserver.mojang.com', servicesHost='https://api.minecraftservices.com', name='PROD'
[14:22:06] [Render thread/INFO]: Starting integrated minecraft server version 1.16.5
[14:22:06] [Render thread/INFO]: Generating keypair
[14:22:17] [Render thread/INFO]: Preparing start region for dimension minecraft:overworld
[14:22:40] [Render thread/INFO]: Changing view distance to 11, from 10
[14:22:40] [Render thread/INFO]: MineRLAgent0[local:E:75ad4b46] logged in with entity id 770 at (498.5, 79.0, 330.5)
[14:22:40] [Render thread/INFO]: MineRLAgent0 joined the game
[14:22:40] [Render thread/INFO]: Preparing spawn area: 0%
[14:22:40] [Render thread/INFO]: Time elapsed: 7 ms
[14:22:41] [Render thread/INFO]: [STDOUT]: Starting new video null
[14:22:41] [Render thread/INFO]: Saving and pausing game...
[14:22:41] [Render thread/INFO]: Saving chunks for level 'ServerLevel[mcpworldc34afa7ace28]'/minecraft:overworld
[14:22:42] [Render thread/INFO]: Saving chunks for level 'ServerLevel[mcpworldc34afa7ace28]'/minecraft:the_nether
[14:22:42] [Render thread/INFO]: Saving chunks for level 'ServerLevel[mcpworldc34afa7ace28]'/minecraft:the_end
[14:22:43] [Render thread/INFO]: MineRLAgent0 has made the advancement [Stone Age]
[14:22:43] [Render thread/INFO]: MineRLAgent0 has made the advancement [Getting an Upgrade]
[14:22:43] [Render thread/INFO]: [CHAT] MineRLAgent0 has made the advancement [Stone Age]
[14:22:43] [Render thread/INFO]: [CHAT] MineRLAgent0 has made the advancement [Getting an Upgrade]
[14:22:43] [Render thread/INFO]: Loaded 24 advancements
[14:22:45] [EnvServerSocketHandler/INFO]: [STDOUT]: *** Stopping the replay, returning control to the inputs
[14:22:45] [EnvServerSocketHandler/INFO]: Received Mission token fa888f74-142f-4413-be4a-7a9750fd7a5f:0:0:1:true
[14:22:45] [EnvServerSocketHandler/INFO]: Received mission init command  <MissionInit xmlns="http://ProjectMalmo.microsoft.com" xmlns:xsi="http://www.w3.org/2001/XMLSchema-instance" SchemaVersion="" PlatformVersion="0.37.0"><Mission><About><Summary>MineRLBasaltMakeWaterfall-v0</Summary></About><ModSettings><MsPerTick>50</MsPerTick></ModSettings><ServerSection><ServerInitialConditions><Time><AllowPassageOfTime>false</AllowPassageOfTime></Time><AllowSpawning>true</AllowSpawning></ServerInitialConditions><ServerHandlers><DefaultWorldGenerator forceReset="true" generatorOptions="{}"/><ServerQuitFromTimeUp timeLimitMs="300000" description="out_of_time"/><ServerQuitWhenAnyAgentFinishes/></ServerHandlers></ServerSection><AgentSection mode="Survival"><Name>MineRLAgent0</Name><AgentStart><LowLevelInputs>true</LowLevelInputs><GuiScale>1.0</GuiScale><GammaSetting>2.0</GammaSetting><FOVSetting>70.0</FOVSetting><FakeCursorSize>16</FakeCursorSize><Inventory><InventoryObject slot="0" type="water_bucket" quantity="1"/><InventoryObject slot="1" type="cobblestone" quantity="20"/><InventoryObject slot="2" type="stone_shovel" quantity="1"/><InventoryObject slot="3" type="stone_pickaxe" quantity="1"/></Inventory><PreferredSpawnBiome>extreme_hills</PreferredSpawnBiome><DoneOnDeath>true</DoneOnDeath></AgentStart><AgentHandlers><FileBasedPerformanceProducer/><PauseCommand/><VideoProducer want_depth="false"><Width>640</Width><Height>360</Height></VideoProducer><HumanLevelCommands/><CameraCommands/></AgentHandlers></AgentSection></Mission><ExperimentUID>fa888f74-142f-4413-be4a-7a9750fd7a5f</ExperimentUID><ClientRole>0</ClientRole><ClientAgentConnection><ClientIPAddress>127.0.0.1</ClientIPAddress><ClientMissionControlPort>0</ClientMissionControlPort><ClientCommandsPort>0</ClientCommandsPort><AgentIPAddress>127.0.0.1</AgentIPAddress><AgentMissionControlPort>0</AgentMissionControlPort><AgentVideoPort>0</AgentVideoPort><AgentDepthPort>0</AgentDepthPort><AgentLuminancePort>0</AgentLuminancePort><AgentObservationsPort>0</AgentObservationsPort><AgentRewardsPort>0</AgentRewardsPort><AgentColourMapPort>0</AgentColourMapPort></ClientAgentConnection></MissionInit>
[14:22:46] [EnvServerSocketHandler/INFO]: [STDOUT]: Setting width, height to 640, 360
[14:22:46] [EnvServerSocketHandler/INFO]: [STDOUT]: Gamma: 2.0
[14:22:46] [EnvServerSocketHandler/INFO]: [STDOUT]: FOV: 70.0
[14:22:46] [EnvServerSocketHandler/INFO]: [STDOUT]: GuiScale: 1.0
[14:22:46] [Render thread/INFO]: [STDOUT]: Seed not provided, generating random one: -8587967406467614226
[14:22:46] [Render thread/WARN]: Ambiguity between arguments [teleport, destination] and [teleport, targets] with inputs: [Player, 0123, @e, dd12be42-52a9-4a91-a8a1-11c01849e498]
[14:22:46] [Render thread/WARN]: Ambiguity between arguments [teleport, location] and [teleport, destination] with inputs: [0.1 -0.5 .9, 0 0 0]
[14:22:46] [Render thread/WARN]: Ambiguity between arguments [teleport, location] and [teleport, targets] with inputs: [0.1 -0.5 .9, 0 0 0]
[14:22:46] [Render thread/WARN]: Ambiguity between arguments [teleport, targets] and [teleport, destination] with inputs: [Player, 0123, dd12be42-52a9-4a91-a8a1-11c01849e498]
[14:22:46] [Render thread/WARN]: Ambiguity between arguments [teleport, targets, location] and [teleport, targets, destination] with inputs: [0.1 -0.5 .9, 0 0 0]
[14:22:46] [Render thread/INFO]: Reloading ResourceManager: Default
[14:22:47] [Render thread/INFO]: Loaded 7 recipes
[14:22:47] [Render thread/INFO]: Loaded 927 advancements
[14:22:48] [Render thread/INFO]: Environment: authHost='https://authserver.mojang.com', accountsHost='https://api.mojang.com', sessionHost='https://sessionserver.mojang.com', servicesHost='https://api.minecraftservices.com', name='PROD'
[14:22:48] [Render thread/INFO]: Starting integrated minecraft server version 1.16.5
[14:22:48] [Render thread/INFO]: Generating keypair
[14:23:00] [Render thread/INFO]: Preparing start region for dimension minecraft:overworld
[14:23:23] [Render thread/INFO]: Changing view distance to 11, from 10
[14:23:23] [Render thread/INFO]: MineRLAgent0[local:E:7af644ce] logged in with entity id 1122 at (-931.5, 114.0, -885.5)
[14:23:23] [Render thread/INFO]: MineRLAgent0 joined the game
[14:23:23] [Render thread/INFO]: Preparing spawn area: 3%
[14:23:23] [Render thread/INFO]: Time elapsed: 3 ms
[14:23:23] [Render thread/INFO]: [STDOUT]: Starting new video null
[14:23:23] [Render thread/INFO]: Saving and pausing game...
[14:23:23] [Render thread/INFO]: Saving chunks for level 'ServerLevel[mcpworldd4968ddb1053]'/minecraft:overworld
[14:23:25] [Render thread/INFO]: Saving chunks for level 'ServerLevel[mcpworldd4968ddb1053]'/minecraft:the_nether
[14:23:25] [Render thread/INFO]: Saving chunks for level 'ServerLevel[mcpworldd4968ddb1053]'/minecraft:the_end
[14:23:26] [Render thread/INFO]: MineRLAgent0 has made the advancement [Stone Age]
[14:23:26] [Render thread/INFO]: MineRLAgent0 has made the advancement [Getting an Upgrade]
[14:23:26] [Render thread/INFO]: [CHAT] MineRLAgent0 has made the advancement [Stone Age]
[14:23:26] [Render thread/INFO]: [CHAT] MineRLAgent0 has made the advancement [Getting an Upgrade]
[14:23:26] [Render thread/INFO]: Loaded 24 advancements
[14:23:30] [EnvServerSocketHandler/INFO]: [STDOUT]: *** Stopping the replay, returning control to the inputs
[14:23:30] [EnvServerSocketHandler/INFO]: Received Mission token 39b8ed6c-e271-45bd-a5de-37ef296f3ff4:0:0:1:true
[14:23:30] [EnvServerSocketHandler/INFO]: Received mission init command  <MissionInit xmlns="http://ProjectMalmo.microsoft.com" xmlns:xsi="http://www.w3.org/2001/XMLSchema-instance" SchemaVersion="" PlatformVersion="0.37.0"><Mission><About><Summary>MineRLBasaltMakeWaterfall-v0</Summary></About><ModSettings><MsPerTick>50</MsPerTick></ModSettings><ServerSection><ServerInitialConditions><Time><AllowPassageOfTime>false</AllowPassageOfTime></Time><AllowSpawning>true</AllowSpawning></ServerInitialConditions><ServerHandlers><DefaultWorldGenerator forceReset="true" generatorOptions="{}"/><ServerQuitFromTimeUp timeLimitMs="300000" description="out_of_time"/><ServerQuitWhenAnyAgentFinishes/></ServerHandlers></ServerSection><AgentSection mode="Survival"><Name>MineRLAgent0</Name><AgentStart><LowLevelInputs>true</LowLevelInputs><GuiScale>1.0</GuiScale><GammaSetting>2.0</GammaSetting><FOVSetting>70.0</FOVSetting><FakeCursorSize>16</FakeCursorSize><Inventory><InventoryObject slot="0" type="water_bucket" quantity="1"/><InventoryObject slot="1" type="cobblestone" quantity="20"/><InventoryObject slot="2" type="stone_shovel" quantity="1"/><InventoryObject slot="3" type="stone_pickaxe" quantity="1"/></Inventory><PreferredSpawnBiome>extreme_hills</PreferredSpawnBiome><DoneOnDeath>true</DoneOnDeath></AgentStart><AgentHandlers><FileBasedPerformanceProducer/><PauseCommand/><VideoProducer want_depth="false"><Width>640</Width><Height>360</Height></VideoProducer><HumanLevelCommands/><CameraCommands/></AgentHandlers></AgentSection></Mission><ExperimentUID>39b8ed6c-e271-45bd-a5de-37ef296f3ff4</ExperimentUID><ClientRole>0</ClientRole><ClientAgentConnection><ClientIPAddress>127.0.0.1</ClientIPAddress><ClientMissionControlPort>0</ClientMissionControlPort><ClientCommandsPort>0</ClientCommandsPort><AgentIPAddress>127.0.0.1</AgentIPAddress><AgentMissionControlPort>0</AgentMissionControlPort><AgentVideoPort>0</AgentVideoPort><AgentDepthPort>0</AgentDepthPort><AgentLuminancePort>0</AgentLuminancePort><AgentObservationsPort>0</AgentObservationsPort><AgentRewardsPort>0</AgentRewardsPort><AgentColourMapPort>0</AgentColourMapPort></ClientAgentConnection></MissionInit>
[14:23:31] [EnvServerSocketHandler/INFO]: [STDOUT]: Setting width, height to 640, 360
[14:23:31] [EnvServerSocketHandler/INFO]: [STDOUT]: Gamma: 2.0
[14:23:31] [EnvServerSocketHandler/INFO]: [STDOUT]: FOV: 70.0
[14:23:31] [EnvServerSocketHandler/INFO]: [STDOUT]: GuiScale: 1.0
[14:23:31] [Render thread/INFO]: [STDOUT]: Seed not provided, generating random one: 7480462848311574288
[14:23:31] [Render thread/WARN]: Ambiguity between arguments [teleport, destination] and [teleport, targets] with inputs: [Player, 0123, @e, dd12be42-52a9-4a91-a8a1-11c01849e498]
[14:23:31] [Render thread/WARN]: Ambiguity between arguments [teleport, location] and [teleport, destination] with inputs: [0.1 -0.5 .9, 0 0 0]
[14:23:31] [Render thread/WARN]: Ambiguity between arguments [teleport, location] and [teleport, targets] with inputs: [0.1 -0.5 .9, 0 0 0]
[14:23:31] [Render thread/WARN]: Ambiguity between arguments [teleport, targets] and [teleport, destination] with inputs: [Player, 0123, dd12be42-52a9-4a91-a8a1-11c01849e498]
[14:23:31] [Render thread/WARN]: Ambiguity between arguments [teleport, targets, location] and [teleport, targets, destination] with inputs: [0.1 -0.5 .9, 0 0 0]
[14:23:31] [Render thread/INFO]: Reloading ResourceManager: Default
[14:23:32] [Render thread/INFO]: Loaded 7 recipes
[14:23:32] [Render thread/INFO]: Loaded 927 advancements
[14:23:33] [Render thread/INFO]: Environment: authHost='https://authserver.mojang.com', accountsHost='https://api.mojang.com', sessionHost='https://sessionserver.mojang.com', servicesHost='https://api.minecraftservices.com', name='PROD'
[14:23:33] [Render thread/INFO]: Starting integrated minecraft server version 1.16.5
[14:23:33] [Render thread/INFO]: Generating keypair
[14:23:38] [Render thread/INFO]: Preparing start region for dimension minecraft:overworld
[14:24:05] [Render thread/INFO]: Changing view distance to 11, from 10
[14:24:05] [Render thread/INFO]: MineRLAgent0[local:E:8cafedd5] logged in with entity id 1655 at (34.5, 78.0, 106.5)
[14:24:05] [Render thread/INFO]: MineRLAgent0 joined the game
[14:24:05] [Render thread/INFO]: Preparing spawn area: 9%
[14:24:05] [Render thread/INFO]: Time elapsed: 3 ms
[14:24:05] [Render thread/INFO]: [STDOUT]: Starting new video null
[14:24:05] [Render thread/INFO]: Saving and pausing game...
[14:24:05] [Render thread/INFO]: Saving chunks for level 'ServerLevel[mcpworld3d3b3490ae32]'/minecraft:overworld
[14:24:08] [Render thread/INFO]: Saving chunks for level 'ServerLevel[mcpworld3d3b3490ae32]'/minecraft:the_nether
[14:24:08] [Render thread/INFO]: Saving chunks for level 'ServerLevel[mcpworld3d3b3490ae32]'/minecraft:the_end
[14:24:08] [Render thread/INFO]: MineRLAgent0 has made the advancement [Stone Age]
[14:24:08] [Render thread/INFO]: MineRLAgent0 has made the advancement [Getting an Upgrade]
[14:24:08] [Render thread/INFO]: [CHAT] MineRLAgent0 has made the advancement [Stone Age]
[14:24:08] [Render thread/INFO]: [CHAT] MineRLAgent0 has made the advancement [Getting an Upgrade]
[14:24:08] [Render thread/INFO]: Loaded 24 advancements
[14:24:10] [EnvServerSocketHandler/INFO]: [STDOUT]: *** Stopping the replay, returning control to the inputs
[14:24:10] [EnvServerSocketHandler/INFO]: Received Mission token b2ce7034-4fb7-4bdc-94f3-aa98955531c5:0:0:1:true
[14:24:10] [EnvServerSocketHandler/INFO]: Received mission init command  <MissionInit xmlns="http://ProjectMalmo.microsoft.com" xmlns:xsi="http://www.w3.org/2001/XMLSchema-instance" SchemaVersion="" PlatformVersion="0.37.0"><Mission><About><Summary>MineRLBasaltMakeWaterfall-v0</Summary></About><ModSettings><MsPerTick>50</MsPerTick></ModSettings><ServerSection><ServerInitialConditions><Time><AllowPassageOfTime>false</AllowPassageOfTime></Time><AllowSpawning>true</AllowSpawning></ServerInitialConditions><ServerHandlers><DefaultWorldGenerator forceReset="true" generatorOptions="{}"/><ServerQuitFromTimeUp timeLimitMs="300000" description="out_of_time"/><ServerQuitWhenAnyAgentFinishes/></ServerHandlers></ServerSection><AgentSection mode="Survival"><Name>MineRLAgent0</Name><AgentStart><LowLevelInputs>true</LowLevelInputs><GuiScale>1.0</GuiScale><GammaSetting>2.0</GammaSetting><FOVSetting>70.0</FOVSetting><FakeCursorSize>16</FakeCursorSize><Inventory><InventoryObject slot="0" type="water_bucket" quantity="1"/><InventoryObject slot="1" type="cobblestone" quantity="20"/><InventoryObject slot="2" type="stone_shovel" quantity="1"/><InventoryObject slot="3" type="stone_pickaxe" quantity="1"/></Inventory><PreferredSpawnBiome>extreme_hills</PreferredSpawnBiome><DoneOnDeath>true</DoneOnDeath></AgentStart><AgentHandlers><FileBasedPerformanceProducer/><PauseCommand/><VideoProducer want_depth="false"><Width>640</Width><Height>360</Height></VideoProducer><HumanLevelCommands/><CameraCommands/></AgentHandlers></AgentSection></Mission><ExperimentUID>b2ce7034-4fb7-4bdc-94f3-aa98955531c5</ExperimentUID><ClientRole>0</ClientRole><ClientAgentConnection><ClientIPAddress>127.0.0.1</ClientIPAddress><ClientMissionControlPort>0</ClientMissionControlPort><ClientCommandsPort>0</ClientCommandsPort><AgentIPAddress>127.0.0.1</AgentIPAddress><AgentMissionControlPort>0</AgentMissionControlPort><AgentVideoPort>0</AgentVideoPort><AgentDepthPort>0</AgentDepthPort><AgentLuminancePort>0</AgentLuminancePort><AgentObservationsPort>0</AgentObservationsPort><AgentRewardsPort>0</AgentRewardsPort><AgentColourMapPort>0</AgentColourMapPort></ClientAgentConnection></MissionInit>
[14:24:11] [EnvServerSocketHandler/INFO]: [STDOUT]: Setting width, height to 640, 360
[14:24:11] [EnvServerSocketHandler/INFO]: [STDOUT]: Gamma: 2.0
[14:24:11] [EnvServerSocketHandler/INFO]: [STDOUT]: FOV: 70.0
[14:24:11] [EnvServerSocketHandler/INFO]: [STDOUT]: GuiScale: 1.0
[14:24:11] [Render thread/INFO]: [STDOUT]: Seed not provided, generating random one: -7872657592755607145
[14:24:11] [Render thread/WARN]: Ambiguity between arguments [teleport, destination] and [teleport, targets] with inputs: [Player, 0123, @e, dd12be42-52a9-4a91-a8a1-11c01849e498]
[14:24:11] [Render thread/WARN]: Ambiguity between arguments [teleport, location] and [teleport, destination] with inputs: [0.1 -0.5 .9, 0 0 0]
[14:24:11] [Render thread/WARN]: Ambiguity between arguments [teleport, location] and [teleport, targets] with inputs: [0.1 -0.5 .9, 0 0 0]
[14:24:11] [Render thread/WARN]: Ambiguity between arguments [teleport, targets] and [teleport, destination] with inputs: [Player, 0123, dd12be42-52a9-4a91-a8a1-11c01849e498]
[14:24:11] [Render thread/WARN]: Ambiguity between arguments [teleport, targets, location] and [teleport, targets, destination] with inputs: [0.1 -0.5 .9, 0 0 0]
[14:24:11] [Render thread/INFO]: Reloading ResourceManager: Default
[14:24:11] [Render thread/INFO]: Loaded 7 recipes
[14:24:12] [Render thread/INFO]: Loaded 927 advancements
[14:24:13] [Render thread/INFO]: Environment: authHost='https://authserver.mojang.com', accountsHost='https://api.mojang.com', sessionHost='https://sessionserver.mojang.com', servicesHost='https://api.minecraftservices.com', name='PROD'
[14:24:13] [Render thread/INFO]: Starting integrated minecraft server version 1.16.5
[14:24:13] [Render thread/INFO]: Generating keypair
